{"/home/travis/build/npmtest/node-npmtest-nodejs-websocket/test.js":{"path":"/home/travis/build/npmtest/node-npmtest-nodejs-websocket/test.js","s":{"1":2,"2":2,"3":2,"4":2,"5":2,"6":2,"7":2,"8":1,"9":2,"10":2,"11":1,"12":1,"13":1,"14":1,"15":2,"16":2,"17":2,"18":2,"19":1,"20":1,"21":2,"22":2,"23":2,"24":1,"25":1,"26":1,"27":1,"28":1,"29":1,"30":1,"31":1,"32":1,"33":1,"34":1,"35":1,"36":1,"37":1,"38":1,"39":2,"40":2,"41":1,"42":2,"43":2,"44":1,"45":2,"46":2,"47":1,"48":2,"49":2,"50":1,"51":1,"52":1,"53":1,"54":1},"b":{"1":[2,1,1,1],"2":[1,1,1,1],"3":[1,1],"4":[1,1],"5":[1,1],"6":[1,1],"7":[1,1],"8":[1,1],"9":[1,1],"10":[1,1,1],"11":[1,1],"12":[1,1],"13":[1,1],"14":[1,1],"15":[1,1],"16":[1,1],"17":[1,1]},"f":{"1":2,"2":2,"3":2,"4":2,"5":2,"6":1,"7":1,"8":1,"9":2,"10":2,"11":2,"12":2,"13":1},"fnMap":{"1":{"name":"(anonymous_1)","line":12,"loc":{"start":{"line":12,"column":1},"end":{"line":12,"column":13}}},"2":{"name":"(anonymous_2)","line":19,"loc":{"start":{"line":19,"column":5},"end":{"line":19,"column":17}}},"3":{"name":"(anonymous_3)","line":23,"loc":{"start":{"line":23,"column":24},"end":{"line":23,"column":36}}},"4":{"name":"(anonymous_4)","line":61,"loc":{"start":{"line":61,"column":5},"end":{"line":61,"column":17}}},"5":{"name":"(anonymous_5)","line":82,"loc":{"start":{"line":82,"column":5},"end":{"line":82,"column":17}}},"6":{"name":"(anonymous_6)","line":91,"loc":{"start":{"line":91,"column":77},"end":{"line":94,"column":10}}},"7":{"name":"(anonymous_7)","line":112,"loc":{"start":{"line":112,"column":83},"end":{"line":115,"column":10}},"skip":true},"8":{"name":"(anonymous_8)","line":123,"loc":{"start":{"line":123,"column":77},"end":{"line":126,"column":10}},"skip":true},"9":{"name":"(anonymous_9)","line":139,"loc":{"start":{"line":139,"column":12},"end":{"line":139,"column":40}},"skip":true},"10":{"name":"(anonymous_10)","line":147,"loc":{"start":{"line":147,"column":77},"end":{"line":150,"column":10}},"skip":true},"11":{"name":"(anonymous_11)","line":158,"loc":{"start":{"line":158,"column":83},"end":{"line":161,"column":10}},"skip":true},"12":{"name":"(anonymous_12)","line":169,"loc":{"start":{"line":169,"column":79},"end":{"line":172,"column":10}},"skip":true},"13":{"name":"(anonymous_13)","line":180,"loc":{"start":{"line":180,"column":75},"end":{"line":183,"column":10}},"skip":true}},"statementMap":{"1":{"start":{"line":12,"column":0},"end":{"line":195,"column":5}},"2":{"start":{"line":14,"column":4},"end":{"line":14,"column":14}},"3":{"start":{"line":19,"column":4},"end":{"line":56,"column":9}},"4":{"start":{"line":21,"column":8},"end":{"line":21,"column":19}},"5":{"start":{"line":23,"column":8},"end":{"line":35,"column":13}},"6":{"start":{"line":24,"column":12},"end":{"line":34,"column":13}},"7":{"start":{"line":25,"column":16},"end":{"line":28,"column":30}},"8":{"start":{"line":30,"column":16},"end":{"line":33,"column":27}},"9":{"start":{"line":37,"column":8},"end":{"line":39,"column":21}},"10":{"start":{"line":40,"column":8},"end":{"line":53,"column":9}},"11":{"start":{"line":43,"column":12},"end":{"line":46,"column":14}},"12":{"start":{"line":47,"column":12},"end":{"line":47,"column":18}},"13":{"start":{"line":50,"column":12},"end":{"line":51,"column":33}},"14":{"start":{"line":52,"column":12},"end":{"line":52,"column":18}},"15":{"start":{"line":55,"column":8},"end":{"line":55,"column":35}},"16":{"start":{"line":61,"column":4},"end":{"line":63,"column":9}},"17":{"start":{"line":62,"column":8},"end":{"line":62,"column":15}},"18":{"start":{"line":64,"column":4},"end":{"line":77,"column":5}},"19":{"start":{"line":70,"column":8},"end":{"line":70,"column":14}},"20":{"start":{"line":76,"column":8},"end":{"line":76,"column":14}},"21":{"start":{"line":82,"column":4},"end":{"line":84,"column":9}},"22":{"start":{"line":83,"column":8},"end":{"line":83,"column":15}},"23":{"start":{"line":85,"column":4},"end":{"line":194,"column":5}},"24":{"start":{"line":91,"column":8},"end":{"line":99,"column":10}},"25":{"start":{"line":98,"column":12},"end":{"line":98,"column":35}},"26":{"start":{"line":102,"column":8},"end":{"line":104,"column":63}},"27":{"start":{"line":105,"column":8},"end":{"line":105,"column":14}},"28":{"start":{"line":112,"column":8},"end":{"line":121,"column":10},"skip":true},"29":{"start":{"line":119,"column":12},"end":{"line":119,"column":55},"skip":true},"30":{"start":{"line":120,"column":12},"end":{"line":120,"column":48},"skip":true},"31":{"start":{"line":123,"column":8},"end":{"line":136,"column":10},"skip":true},"32":{"start":{"line":130,"column":12},"end":{"line":130,"column":76},"skip":true},"33":{"start":{"line":131,"column":12},"end":{"line":131,"column":73},"skip":true},"34":{"start":{"line":132,"column":12},"end":{"line":132,"column":74},"skip":true},"35":{"start":{"line":133,"column":12},"end":{"line":133,"column":79},"skip":true},"36":{"start":{"line":134,"column":12},"end":{"line":134,"column":25},"skip":true},"37":{"start":{"line":135,"column":12},"end":{"line":135,"column":45},"skip":true},"38":{"start":{"line":138,"column":8},"end":{"line":145,"column":14},"skip":true},"39":{"start":{"line":143,"column":16},"end":{"line":143,"column":29},"skip":true},"40":{"start":{"line":144,"column":16},"end":{"line":144,"column":55},"skip":true},"41":{"start":{"line":147,"column":8},"end":{"line":156,"column":10},"skip":true},"42":{"start":{"line":154,"column":12},"end":{"line":154,"column":25},"skip":true},"43":{"start":{"line":155,"column":12},"end":{"line":155,"column":45},"skip":true},"44":{"start":{"line":158,"column":8},"end":{"line":167,"column":10},"skip":true},"45":{"start":{"line":165,"column":12},"end":{"line":165,"column":25},"skip":true},"46":{"start":{"line":166,"column":12},"end":{"line":166,"column":48},"skip":true},"47":{"start":{"line":169,"column":8},"end":{"line":178,"column":10},"skip":true},"48":{"start":{"line":176,"column":12},"end":{"line":176,"column":25},"skip":true},"49":{"start":{"line":177,"column":12},"end":{"line":177,"column":46},"skip":true},"50":{"start":{"line":180,"column":8},"end":{"line":189,"column":10},"skip":true},"51":{"start":{"line":187,"column":12},"end":{"line":187,"column":94},"skip":true},"52":{"start":{"line":188,"column":12},"end":{"line":188,"column":48},"skip":true},"53":{"start":{"line":192,"column":8},"end":{"line":192,"column":35},"skip":true},"54":{"start":{"line":193,"column":8},"end":{"line":193,"column":14},"skip":true}},"branchMap":{"1":{"line":25,"type":"binary-expr","locations":[{"start":{"line":25,"column":23},"end":{"line":25,"column":62}},{"start":{"line":26,"column":20},"end":{"line":26,"column":70}},{"start":{"line":27,"column":20},"end":{"line":27,"column":71}},{"start":{"line":28,"column":20},"end":{"line":28,"column":29}}]},"2":{"line":30,"type":"binary-expr","locations":[{"start":{"line":30,"column":23},"end":{"line":30,"column":37}},{"start":{"line":31,"column":20},"end":{"line":31,"column":61}},{"start":{"line":32,"column":20},"end":{"line":32,"column":70}},{"start":{"line":33,"column":20},"end":{"line":33,"column":26}}]},"3":{"line":37,"type":"cond-expr","locations":[{"start":{"line":38,"column":14},"end":{"line":38,"column":20}},{"start":{"line":39,"column":14},"end":{"line":39,"column":20}}]},"4":{"line":40,"type":"switch","locations":[{"start":{"line":42,"column":8},"end":{"line":47,"column":18}},{"start":{"line":49,"column":8},"end":{"line":52,"column":18}}]},"5":{"line":44,"type":"binary-expr","locations":[{"start":{"line":44,"column":16},"end":{"line":44,"column":44}},{"start":{"line":44,"column":48},"end":{"line":44,"column":66}}]},"6":{"line":50,"type":"binary-expr","locations":[{"start":{"line":50,"column":21},"end":{"line":50,"column":49}},{"start":{"line":50,"column":53},"end":{"line":50,"column":72}}]},"7":{"line":64,"type":"switch","locations":[{"start":{"line":69,"column":4},"end":{"line":70,"column":14}},{"start":{"line":75,"column":4},"end":{"line":76,"column":14}}]},"8":{"line":85,"type":"switch","locations":[{"start":{"line":90,"column":4},"end":{"line":105,"column":14}},{"start":{"line":111,"column":4},"end":{"line":193,"column":14},"skip":true}]},"9":{"line":91,"type":"binary-expr","locations":[{"start":{"line":91,"column":42},"end":{"line":91,"column":73}},{"start":{"line":91,"column":77},"end":{"line":99,"column":9}}]},"10":{"line":102,"type":"binary-expr","locations":[{"start":{"line":102,"column":18},"end":{"line":102,"column":32}},{"start":{"line":103,"column":12},"end":{"line":103,"column":53}},{"start":{"line":104,"column":12},"end":{"line":104,"column":61}}]},"11":{"line":112,"type":"binary-expr","locations":[{"start":{"line":112,"column":45},"end":{"line":112,"column":79},"skip":true},{"start":{"line":112,"column":83},"end":{"line":121,"column":9},"skip":true}]},"12":{"line":123,"type":"binary-expr","locations":[{"start":{"line":123,"column":42},"end":{"line":123,"column":73},"skip":true},{"start":{"line":123,"column":77},"end":{"line":136,"column":9},"skip":true}]},"13":{"line":138,"type":"binary-expr","locations":[{"start":{"line":138,"column":48},"end":{"line":138,"column":85},"skip":true},{"start":{"line":139,"column":12},"end":{"line":145,"column":13},"skip":true}]},"14":{"line":147,"type":"binary-expr","locations":[{"start":{"line":147,"column":42},"end":{"line":147,"column":73},"skip":true},{"start":{"line":147,"column":77},"end":{"line":156,"column":9},"skip":true}]},"15":{"line":158,"type":"binary-expr","locations":[{"start":{"line":158,"column":45},"end":{"line":158,"column":79},"skip":true},{"start":{"line":158,"column":83},"end":{"line":167,"column":9},"skip":true}]},"16":{"line":169,"type":"binary-expr","locations":[{"start":{"line":169,"column":43},"end":{"line":169,"column":75},"skip":true},{"start":{"line":169,"column":79},"end":{"line":178,"column":9},"skip":true}]},"17":{"line":180,"type":"binary-expr","locations":[{"start":{"line":180,"column":41},"end":{"line":180,"column":71},"skip":true},{"start":{"line":180,"column":75},"end":{"line":189,"column":9},"skip":true}]}},"code":["/* istanbul instrument in package npmtest_nodejs_websocket */","/*jslint","    bitwise: true,","    browser: true,","    maxerr: 8,","    maxlen: 96,","    node: true,","    nomen: true,","    regexp: true,","    stupid: true","*/","(function () {","    'use strict';","    var local;","","","","    // run shared js-env code - pre-init","    (function () {","        // init local","        local = {};","        // init modeJs","        local.modeJs = (function () {","            try {","                return typeof navigator.userAgent === 'string' &&","                    typeof document.querySelector('body') === 'object' &&","                    typeof XMLHttpRequest.prototype.open === 'function' &&","                    'browser';","            } catch (errorCaughtBrowser) {","                return module.exports &&","                    typeof process.versions.node === 'string' &&","                    typeof require('http').createServer === 'function' &&","                    'node';","            }","        }());","        // init global","        local.global = local.modeJs === 'browser'","            ? window","            : global;","        switch (local.modeJs) {","        // re-init local from window.local","        case 'browser':","            local = local.global.utility2.objectSetDefault(","                local.global.utility2_rollup || local.global.local,","                local.global.utility2","            );","            break;","        // re-init local from example.js","        case 'node':","            local = (local.global.utility2_rollup || require('utility2'))","                .requireReadme();","            break;","        }","        // export local","        local.global.local = local;","    }());","","","","    // run shared js-env code - function","    (function () {","        return;","    }());","    switch (local.modeJs) {","","","","    // run browser js-env code - function","    case 'browser':","        break;","","","","    // run node js-env code - function","    case 'node':","        break;","    }","","","","    // run shared js-env code - post-init","    (function () {","        return;","    }());","    switch (local.modeJs) {","","","","    // run browser js-env code - post-init","    case 'browser':","        local.testCase_browser_nullCase = local.testCase_browser_nullCase || function (","            options,","            onError","        ) {","        /*","         * this function will test browsers's null-case handling-behavior-behavior","         */","            onError(null, options);","        };","","        // run tests","        local.nop(local.modeTest &&","            document.querySelector('#testRunButton1') &&","            document.querySelector('#testRunButton1').click());","        break;","","","","    // run node js-env code - post-init","    /* istanbul ignore next */","    case 'node':","        local.testCase_buildApidoc_default = local.testCase_buildApidoc_default || function (","            options,","            onError","        ) {","        /*","         * this function will test buildApidoc's default handling-behavior-behavior","         */","            options = { modulePathList: module.paths };","            local.buildApidoc(options, onError);","        };","","        local.testCase_buildApp_default = local.testCase_buildApp_default || function (","            options,","            onError","        ) {","        /*","         * this function will test buildApp's default handling-behavior-behavior","         */","            local.testCase_buildReadme_default(options, local.onErrorThrow);","            local.testCase_buildLib_default(options, local.onErrorThrow);","            local.testCase_buildTest_default(options, local.onErrorThrow);","            local.testCase_buildCustomOrg_default(options, local.onErrorThrow);","            options = [];","            local.buildApp(options, onError);","        };","","        local.testCase_buildCustomOrg_default = local.testCase_buildCustomOrg_default ||","            function (options, onError) {","            /*","             * this function will test buildCustomOrg's default handling-behavior","             */","                options = {};","                local.buildCustomOrg(options, onError);","            };","","        local.testCase_buildLib_default = local.testCase_buildLib_default || function (","            options,","            onError","        ) {","        /*","         * this function will test buildLib's default handling-behavior","         */","            options = {};","            local.buildLib(options, onError);","        };","","        local.testCase_buildReadme_default = local.testCase_buildReadme_default || function (","            options,","            onError","        ) {","        /*","         * this function will test buildReadme's default handling-behavior-behavior","         */","            options = {};","            local.buildReadme(options, onError);","        };","","        local.testCase_buildTest_default = local.testCase_buildTest_default || function (","            options,","            onError","        ) {","        /*","         * this function will test buildTest's default handling-behavior","         */","            options = {};","            local.buildTest(options, onError);","        };","","        local.testCase_webpage_default = local.testCase_webpage_default || function (","            options,","            onError","        ) {","        /*","         * this function will test webpage's default handling-behavior","         */","            options = { modeCoverageMerge: true, url: local.serverLocalHost + '?modeTest=1' };","            local.browserTest(options, onError);","        };","","        // run test-server","        local.testRunServer(local);","        break;","    }","}());",""],"l":{"12":2,"14":2,"19":2,"21":2,"23":2,"24":2,"25":2,"30":1,"37":2,"40":2,"43":1,"47":1,"50":1,"52":1,"55":2,"61":2,"62":2,"64":2,"70":1,"76":1,"82":2,"83":2,"85":2,"91":1,"98":1,"102":1,"105":1,"112":1,"119":1,"120":1,"123":1,"130":1,"131":1,"132":1,"133":1,"134":1,"135":1,"138":1,"143":2,"144":2,"147":1,"154":2,"155":2,"158":1,"165":2,"166":2,"169":1,"176":2,"177":2,"180":1,"187":1,"188":1,"192":1,"193":1}},"/home/travis/build/npmtest/node-npmtest-nodejs-websocket/lib.npmtest_nodejs_websocket.js":{"path":"/home/travis/build/npmtest/node-npmtest-nodejs-websocket/lib.npmtest_nodejs_websocket.js","s":{"1":2,"2":2,"3":2,"4":2,"5":2,"6":2,"7":2,"8":1,"9":2,"10":2,"11":2,"12":2,"13":1,"14":1,"15":1,"16":1},"b":{"1":[2,1,1,1],"2":[1,1,1,1],"3":[1,1],"4":[2,2],"5":[1,1]},"f":{"1":2,"2":2,"3":2},"fnMap":{"1":{"name":"(anonymous_1)","line":12,"loc":{"start":{"line":12,"column":1},"end":{"line":12,"column":13}}},"2":{"name":"(anonymous_2)","line":19,"loc":{"start":{"line":19,"column":5},"end":{"line":19,"column":17}}},"3":{"name":"(anonymous_3)","line":23,"loc":{"start":{"line":23,"column":24},"end":{"line":23,"column":36}}}},"statementMap":{"1":{"start":{"line":12,"column":0},"end":{"line":53,"column":5}},"2":{"start":{"line":14,"column":4},"end":{"line":14,"column":14}},"3":{"start":{"line":19,"column":4},"end":{"line":52,"column":9}},"4":{"start":{"line":21,"column":8},"end":{"line":21,"column":19}},"5":{"start":{"line":23,"column":8},"end":{"line":35,"column":13}},"6":{"start":{"line":24,"column":12},"end":{"line":34,"column":13}},"7":{"start":{"line":25,"column":16},"end":{"line":28,"column":30}},"8":{"start":{"line":30,"column":16},"end":{"line":33,"column":27}},"9":{"start":{"line":37,"column":8},"end":{"line":39,"column":21}},"10":{"start":{"line":41,"column":8},"end":{"line":41,"column":54}},"11":{"start":{"line":43,"column":8},"end":{"line":43,"column":61}},"12":{"start":{"line":45,"column":8},"end":{"line":51,"column":9}},"13":{"start":{"line":46,"column":12},"end":{"line":46,"column":67}},"14":{"start":{"line":48,"column":12},"end":{"line":48,"column":35}},"15":{"start":{"line":49,"column":12},"end":{"line":49,"column":49}},"16":{"start":{"line":50,"column":12},"end":{"line":50,"column":43}}},"branchMap":{"1":{"line":25,"type":"binary-expr","locations":[{"start":{"line":25,"column":23},"end":{"line":25,"column":62}},{"start":{"line":26,"column":20},"end":{"line":26,"column":70}},{"start":{"line":27,"column":20},"end":{"line":27,"column":71}},{"start":{"line":28,"column":20},"end":{"line":28,"column":29}}]},"2":{"line":30,"type":"binary-expr","locations":[{"start":{"line":30,"column":23},"end":{"line":30,"column":37}},{"start":{"line":31,"column":20},"end":{"line":31,"column":61}},{"start":{"line":32,"column":20},"end":{"line":32,"column":70}},{"start":{"line":33,"column":20},"end":{"line":33,"column":26}}]},"3":{"line":37,"type":"cond-expr","locations":[{"start":{"line":38,"column":14},"end":{"line":38,"column":20}},{"start":{"line":39,"column":14},"end":{"line":39,"column":20}}]},"4":{"line":41,"type":"binary-expr","locations":[{"start":{"line":41,"column":16},"end":{"line":41,"column":44}},{"start":{"line":41,"column":48},"end":{"line":41,"column":53}}]},"5":{"line":45,"type":"if","locations":[{"start":{"line":45,"column":8},"end":{"line":45,"column":8}},{"start":{"line":45,"column":8},"end":{"line":45,"column":8}}]}},"code":["/* istanbul instrument in package npmtest_nodejs_websocket */","/*jslint","    bitwise: true,","    browser: true,","    maxerr: 8,","    maxlen: 96,","    node: true,","    nomen: true,","    regexp: true,","    stupid: true","*/","(function () {","    'use strict';","    var local;","","","","    // run shared js-env code - pre-init","    (function () {","        // init local","        local = {};","        // init modeJs","        local.modeJs = (function () {","            try {","                return typeof navigator.userAgent === 'string' &&","                    typeof document.querySelector('body') === 'object' &&","                    typeof XMLHttpRequest.prototype.open === 'function' &&","                    'browser';","            } catch (errorCaughtBrowser) {","                return module.exports &&","                    typeof process.versions.node === 'string' &&","                    typeof require('http').createServer === 'function' &&","                    'node';","            }","        }());","        // init global","        local.global = local.modeJs === 'browser'","            ? window","            : global;","        // init utility2_rollup","        local = local.global.utility2_rollup || local;","        // init lib","        local.local = local.npmtest_nodejs_websocket = local;","        // init exports","        if (local.modeJs === 'browser') {","            local.global.utility2_npmtest_nodejs_websocket = local;","        } else {","            module.exports = local;","            module.exports.__dirname = __dirname;","            module.exports.module = module;","        }","    }());","}());",""],"l":{"12":2,"14":2,"19":2,"21":2,"23":2,"24":2,"25":2,"30":1,"37":2,"41":2,"43":2,"45":2,"46":1,"48":1,"49":1,"50":1}},"/home/travis/build/npmtest/node-npmtest-nodejs-websocket/example.js":{"path":"/home/travis/build/npmtest/node-npmtest-nodejs-websocket/example.js","s":{"1":2,"2":2,"3":2,"4":2,"5":2,"6":2,"7":2,"8":1,"9":2,"10":2,"11":2,"12":2,"13":1,"14":2,"15":2,"16":2,"17":2,"18":2,"19":0,"20":2,"21":1,"22":1,"23":1,"24":1,"25":1,"26":0,"27":0,"28":1,"29":1,"30":2,"31":0,"32":0,"33":0,"34":1,"35":2,"36":2,"37":3,"38":3,"39":3,"40":3,"41":0,"42":3,"43":3,"44":3,"45":1,"46":3,"47":1,"48":1,"49":1,"50":1,"51":1,"52":1,"53":1,"54":1,"55":1,"56":1,"57":0,"58":1,"59":6,"60":6,"61":1,"62":2,"63":0,"64":2,"65":1,"66":1,"67":0,"68":0,"69":0,"70":0,"71":0,"72":0,"73":0,"74":0,"75":0,"76":0,"77":0,"78":0,"79":0,"80":0,"81":0,"82":0,"83":0},"b":{"1":[2,1,1,1],"2":[1,1,1,1],"3":[1,1],"4":[2,2],"5":[1,1],"6":[1,1],"7":[2,0],"8":[2,1,1,1,1,1],"9":[0,2,0],"10":[1,1],"11":[2,1,1],"12":[1,0],"13":[0,2],"14":[2,0,0,0,0,0,0],"15":[0,3],"16":[3,0],"17":[1,1],"18":[0,1],"19":[1,2,0,2],"20":[1,0],"21":[1,1],"22":[0,0],"23":[0,0],"24":[0,0],"25":[0,0],"26":[0,0],"27":[0,0],"28":[0,0]},"f":{"1":2,"2":2,"3":2,"4":2,"5":2,"6":2,"7":3,"8":3,"9":3,"10":1,"11":6,"12":0},"fnMap":{"1":{"name":"(anonymous_1)","line":26,"loc":{"start":{"line":26,"column":1},"end":{"line":26,"column":13}}},"2":{"name":"(anonymous_2)","line":33,"loc":{"start":{"line":33,"column":5},"end":{"line":33,"column":17}}},"3":{"name":"(anonymous_3)","line":37,"loc":{"start":{"line":37,"column":24},"end":{"line":37,"column":36}}},"4":{"name":"(anonymous_4)","line":69,"loc":{"start":{"line":69,"column":31},"end":{"line":69,"column":48}},"skip":true},"5":{"name":"(anonymous_5)","line":78,"loc":{"start":{"line":78,"column":26},"end":{"line":78,"column":45}},"skip":true},"6":{"name":"(anonymous_6)","line":123,"loc":{"start":{"line":123,"column":33},"end":{"line":123,"column":48}},"skip":true},"7":{"name":"(anonymous_7)","line":125,"loc":{"start":{"line":125,"column":27},"end":{"line":125,"column":39}},"skip":true},"8":{"name":"(anonymous_8)","line":133,"loc":{"start":{"line":133,"column":59},"end":{"line":133,"column":74}},"skip":true},"9":{"name":"(anonymous_9)","line":143,"loc":{"start":{"line":143,"column":45},"end":{"line":143,"column":62}},"skip":true},"10":{"name":"(anonymous_10)","line":144,"loc":{"start":{"line":144,"column":73},"end":{"line":144,"column":92}},"skip":true},"11":{"name":"(anonymous_11)","line":272,"loc":{"start":{"line":272,"column":51},"end":{"line":272,"column":77}},"skip":true},"12":{"name":"(anonymous_12)","line":315,"loc":{"start":{"line":315,"column":32},"end":{"line":315,"column":61}},"skip":true}},"statementMap":{"1":{"start":{"line":26,"column":0},"end":{"line":326,"column":5}},"2":{"start":{"line":28,"column":4},"end":{"line":28,"column":14}},"3":{"start":{"line":33,"column":4},"end":{"line":60,"column":9}},"4":{"start":{"line":35,"column":8},"end":{"line":35,"column":19}},"5":{"start":{"line":37,"column":8},"end":{"line":49,"column":13}},"6":{"start":{"line":38,"column":12},"end":{"line":48,"column":13}},"7":{"start":{"line":39,"column":16},"end":{"line":42,"column":30}},"8":{"start":{"line":44,"column":16},"end":{"line":47,"column":27}},"9":{"start":{"line":51,"column":8},"end":{"line":53,"column":21}},"10":{"start":{"line":55,"column":8},"end":{"line":57,"column":45}},"11":{"start":{"line":59,"column":8},"end":{"line":59,"column":35}},"12":{"start":{"line":61,"column":4},"end":{"line":325,"column":5}},"13":{"start":{"line":69,"column":8},"end":{"line":121,"column":10},"skip":true},"14":{"start":{"line":70,"column":12},"end":{"line":88,"column":13},"skip":true},"15":{"start":{"line":76,"column":16},"end":{"line":87,"column":19},"skip":true},"16":{"start":{"line":79,"column":20},"end":{"line":86,"column":21},"skip":true},"17":{"start":{"line":82,"column":24},"end":{"line":82,"column":43},"skip":true},"18":{"start":{"line":83,"column":24},"end":{"line":83,"column":30},"skip":true},"19":{"start":{"line":85,"column":24},"end":{"line":85,"column":49},"skip":true},"20":{"start":{"line":89,"column":12},"end":{"line":107,"column":13},"skip":true},"21":{"start":{"line":92,"column":16},"end":{"line":102,"column":17},"skip":true},"22":{"start":{"line":93,"column":20},"end":{"line":93,"column":86},"skip":true},"23":{"start":{"line":94,"column":20},"end":{"line":95,"column":45},"skip":true},"24":{"start":{"line":96,"column":20},"end":{"line":96,"column":42},"skip":true},"25":{"start":{"line":97,"column":20},"end":{"line":97,"column":48},"skip":true},"26":{"start":{"line":100,"column":20},"end":{"line":100,"column":85},"skip":true},"27":{"start":{"line":101,"column":20},"end":{"line":101,"column":96},"skip":true},"28":{"start":{"line":103,"column":16},"end":{"line":103,"column":22},"skip":true},"29":{"start":{"line":106,"column":16},"end":{"line":106,"column":22},"skip":true},"30":{"start":{"line":108,"column":12},"end":{"line":120,"column":13},"skip":true},"31":{"start":{"line":114,"column":16},"end":{"line":119,"column":17},"skip":true},"32":{"start":{"line":116,"column":20},"end":{"line":116,"column":78},"skip":true},"33":{"start":{"line":118,"column":20},"end":{"line":118,"column":47},"skip":true},"34":{"start":{"line":123,"column":8},"end":{"line":141,"column":11},"skip":true},"35":{"start":{"line":124,"column":12},"end":{"line":124,"column":54},"skip":true},"36":{"start":{"line":125,"column":12},"end":{"line":140,"column":14},"skip":true},"37":{"start":{"line":126,"column":16},"end":{"line":126,"column":28},"skip":true},"38":{"start":{"line":127,"column":16},"end":{"line":127,"column":69},"skip":true},"39":{"start":{"line":128,"column":16},"end":{"line":128,"column":75},"skip":true},"40":{"start":{"line":129,"column":16},"end":{"line":131,"column":17},"skip":true},"41":{"start":{"line":130,"column":20},"end":{"line":130,"column":27},"skip":true},"42":{"start":{"line":133,"column":16},"end":{"line":137,"column":36},"skip":true},"43":{"start":{"line":134,"column":20},"end":{"line":136,"column":55},"skip":true},"44":{"start":{"line":139,"column":16},"end":{"line":139,"column":57},"skip":true},"45":{"start":{"line":143,"column":8},"end":{"line":147,"column":11},"skip":true},"46":{"start":{"line":144,"column":12},"end":{"line":146,"column":15},"skip":true},"47":{"start":{"line":145,"column":16},"end":{"line":145,"column":70},"skip":true},"48":{"start":{"line":149,"column":8},"end":{"line":149,"column":31},"skip":true},"49":{"start":{"line":150,"column":8},"end":{"line":150,"column":14},"skip":true},"50":{"start":{"line":158,"column":8},"end":{"line":158,"column":31},"skip":true},"51":{"start":{"line":160,"column":8},"end":{"line":160,"column":33},"skip":true},"52":{"start":{"line":161,"column":8},"end":{"line":161,"column":37},"skip":true},"53":{"start":{"line":162,"column":8},"end":{"line":162,"column":35},"skip":true},"54":{"start":{"line":164,"column":8},"end":{"line":164,"column":50},"skip":true},"55":{"start":{"line":166,"column":8},"end":{"line":256,"column":2},"skip":true},"56":{"start":{"line":258,"column":8},"end":{"line":286,"column":9},"skip":true},"57":{"start":{"line":259,"column":12},"end":{"line":269,"column":14},"skip":true},"58":{"start":{"line":271,"column":12},"end":{"line":285,"column":19},"skip":true},"59":{"start":{"line":274,"column":20},"end":{"line":274,"column":35},"skip":true},"60":{"start":{"line":275,"column":20},"end":{"line":284,"column":21},"skip":true},"61":{"start":{"line":277,"column":24},"end":{"line":277,"column":64},"skip":true},"62":{"start":{"line":279,"column":24},"end":{"line":279,"column":40},"skip":true},"63":{"start":{"line":281,"column":24},"end":{"line":281,"column":40},"skip":true},"64":{"start":{"line":283,"column":24},"end":{"line":283,"column":39},"skip":true},"65":{"start":{"line":288,"column":8},"end":{"line":290,"column":9},"skip":true},"66":{"start":{"line":289,"column":12},"end":{"line":289,"column":18},"skip":true},"67":{"start":{"line":291,"column":8},"end":{"line":293,"column":54},"skip":true},"68":{"start":{"line":296,"column":8},"end":{"line":301,"column":37},"skip":true},"69":{"start":{"line":303,"column":8},"end":{"line":303,"column":82},"skip":true},"70":{"start":{"line":306,"column":8},"end":{"line":308,"column":9},"skip":true},"71":{"start":{"line":307,"column":12},"end":{"line":307,"column":82},"skip":true},"72":{"start":{"line":310,"column":8},"end":{"line":312,"column":9},"skip":true},"73":{"start":{"line":311,"column":12},"end":{"line":311,"column":18},"skip":true},"74":{"start":{"line":313,"column":8},"end":{"line":313,"column":54},"skip":true},"75":{"start":{"line":314,"column":8},"end":{"line":314,"column":69},"skip":true},"76":{"start":{"line":315,"column":8},"end":{"line":323,"column":36},"skip":true},"77":{"start":{"line":316,"column":12},"end":{"line":316,"column":61},"skip":true},"78":{"start":{"line":317,"column":12},"end":{"line":320,"column":13},"skip":true},"79":{"start":{"line":318,"column":16},"end":{"line":318,"column":75},"skip":true},"80":{"start":{"line":319,"column":16},"end":{"line":319,"column":23},"skip":true},"81":{"start":{"line":321,"column":12},"end":{"line":321,"column":38},"skip":true},"82":{"start":{"line":322,"column":12},"end":{"line":322,"column":27},"skip":true},"83":{"start":{"line":324,"column":8},"end":{"line":324,"column":14},"skip":true}},"branchMap":{"1":{"line":39,"type":"binary-expr","locations":[{"start":{"line":39,"column":23},"end":{"line":39,"column":62}},{"start":{"line":40,"column":20},"end":{"line":40,"column":70}},{"start":{"line":41,"column":20},"end":{"line":41,"column":71}},{"start":{"line":42,"column":20},"end":{"line":42,"column":29}}]},"2":{"line":44,"type":"binary-expr","locations":[{"start":{"line":44,"column":23},"end":{"line":44,"column":37}},{"start":{"line":45,"column":20},"end":{"line":45,"column":61}},{"start":{"line":46,"column":20},"end":{"line":46,"column":70}},{"start":{"line":47,"column":20},"end":{"line":47,"column":26}}]},"3":{"line":51,"type":"cond-expr","locations":[{"start":{"line":52,"column":14},"end":{"line":52,"column":20}},{"start":{"line":53,"column":14},"end":{"line":53,"column":20}}]},"4":{"line":55,"type":"binary-expr","locations":[{"start":{"line":55,"column":16},"end":{"line":55,"column":44}},{"start":{"line":55,"column":49},"end":{"line":57,"column":43}}]},"5":{"line":55,"type":"cond-expr","locations":[{"start":{"line":56,"column":14},"end":{"line":56,"column":60}},{"start":{"line":57,"column":14},"end":{"line":57,"column":43}}]},"6":{"line":61,"type":"switch","locations":[{"start":{"line":68,"column":4},"end":{"line":150,"column":14},"skip":true},{"start":{"line":156,"column":4},"end":{"line":324,"column":14},"skip":true}]},"7":{"line":70,"type":"if","locations":[{"start":{"line":70,"column":12},"end":{"line":70,"column":12},"skip":true},{"start":{"line":70,"column":12},"end":{"line":70,"column":12},"skip":true}]},"8":{"line":70,"type":"binary-expr","locations":[{"start":{"line":70,"column":16},"end":{"line":70,"column":22},"skip":true},{"start":{"line":70,"column":27},"end":{"line":70,"column":32},"skip":true},{"start":{"line":71,"column":20},"end":{"line":71,"column":39},"skip":true},{"start":{"line":72,"column":20},"end":{"line":72,"column":49},"skip":true},{"start":{"line":73,"column":20},"end":{"line":73,"column":58},"skip":true},{"start":{"line":74,"column":20},"end":{"line":74,"column":69},"skip":true}]},"9":{"line":79,"type":"switch","locations":[{"start":{"line":80,"column":20},"end":{"line":80,"column":33},"skip":true},{"start":{"line":81,"column":20},"end":{"line":83,"column":30},"skip":true},{"start":{"line":84,"column":20},"end":{"line":85,"column":49},"skip":true}]},"10":{"line":89,"type":"switch","locations":[{"start":{"line":90,"column":12},"end":{"line":103,"column":22},"skip":true},{"start":{"line":105,"column":12},"end":{"line":106,"column":22},"skip":true}]},"11":{"line":89,"type":"binary-expr","locations":[{"start":{"line":89,"column":20},"end":{"line":89,"column":25},"skip":true},{"start":{"line":89,"column":29},"end":{"line":89,"column":48},"skip":true},{"start":{"line":89,"column":52},"end":{"line":89,"column":74},"skip":true}]},"12":{"line":92,"type":"if","locations":[{"start":{"line":92,"column":16},"end":{"line":92,"column":16},"skip":true},{"start":{"line":92,"column":16},"end":{"line":92,"column":16},"skip":true}]},"13":{"line":108,"type":"if","locations":[{"start":{"line":108,"column":12},"end":{"line":108,"column":12},"skip":true},{"start":{"line":108,"column":12},"end":{"line":108,"column":12},"skip":true}]},"14":{"line":108,"type":"binary-expr","locations":[{"start":{"line":108,"column":16},"end":{"line":108,"column":61},"skip":true},{"start":{"line":108,"column":66},"end":{"line":108,"column":72},"skip":true},{"start":{"line":108,"column":77},"end":{"line":108,"column":82},"skip":true},{"start":{"line":109,"column":20},"end":{"line":109,"column":39},"skip":true},{"start":{"line":110,"column":20},"end":{"line":110,"column":49},"skip":true},{"start":{"line":111,"column":20},"end":{"line":111,"column":58},"skip":true},{"start":{"line":112,"column":20},"end":{"line":112,"column":68},"skip":true}]},"15":{"line":129,"type":"if","locations":[{"start":{"line":129,"column":16},"end":{"line":129,"column":16},"skip":true},{"start":{"line":129,"column":16},"end":{"line":129,"column":16},"skip":true}]},"16":{"line":134,"type":"cond-expr","locations":[{"start":{"line":135,"column":26},"end":{"line":135,"column":29},"skip":true},{"start":{"line":136,"column":26},"end":{"line":136,"column":54},"skip":true}]},"17":{"line":164,"type":"binary-expr","locations":[{"start":{"line":164,"column":27},"end":{"line":164,"column":43},"skip":true},{"start":{"line":164,"column":47},"end":{"line":164,"column":49},"skip":true}]},"18":{"line":258,"type":"if","locations":[{"start":{"line":258,"column":8},"end":{"line":258,"column":8},"skip":true},{"start":{"line":258,"column":8},"end":{"line":258,"column":8},"skip":true}]},"19":{"line":275,"type":"switch","locations":[{"start":{"line":276,"column":20},"end":{"line":277,"column":64},"skip":true},{"start":{"line":278,"column":20},"end":{"line":279,"column":40},"skip":true},{"start":{"line":280,"column":20},"end":{"line":281,"column":40},"skip":true},{"start":{"line":282,"column":20},"end":{"line":283,"column":39},"skip":true}]},"20":{"line":288,"type":"if","locations":[{"start":{"line":288,"column":8},"end":{"line":288,"column":8},"skip":true},{"start":{"line":288,"column":8},"end":{"line":288,"column":8},"skip":true}]},"21":{"line":288,"type":"binary-expr","locations":[{"start":{"line":288,"column":12},"end":{"line":288,"column":40},"skip":true},{"start":{"line":288,"column":44},"end":{"line":288,"column":67},"skip":true}]},"22":{"line":292,"type":"binary-expr","locations":[{"start":{"line":292,"column":12},"end":{"line":292,"column":50},"skip":true},{"start":{"line":293,"column":12},"end":{"line":293,"column":53},"skip":true}]},"23":{"line":297,"type":"binary-expr","locations":[{"start":{"line":297,"column":12},"end":{"line":297,"column":74},"skip":true},{"start":{"line":298,"column":12},"end":{"line":301,"column":36},"skip":true}]},"24":{"line":303,"type":"binary-expr","locations":[{"start":{"line":303,"column":43},"end":{"line":303,"column":75},"skip":true},{"start":{"line":303,"column":79},"end":{"line":303,"column":81},"skip":true}]},"25":{"line":306,"type":"if","locations":[{"start":{"line":306,"column":8},"end":{"line":306,"column":8},"skip":true},{"start":{"line":306,"column":8},"end":{"line":306,"column":8},"skip":true}]},"26":{"line":310,"type":"if","locations":[{"start":{"line":310,"column":8},"end":{"line":310,"column":8},"skip":true},{"start":{"line":310,"column":8},"end":{"line":310,"column":8},"skip":true}]},"27":{"line":313,"type":"binary-expr","locations":[{"start":{"line":313,"column":27},"end":{"line":313,"column":43},"skip":true},{"start":{"line":313,"column":47},"end":{"line":313,"column":53},"skip":true}]},"28":{"line":317,"type":"if","locations":[{"start":{"line":317,"column":12},"end":{"line":317,"column":12},"skip":true},{"start":{"line":317,"column":12},"end":{"line":317,"column":12},"skip":true}]}},"code":["/*","example.js","","quickstart example","","instruction","    1. save this script as example.js","    2. run the shell command:","        $ npm install npmtest-nodejs-websocket && PORT=8081 node example.js","    3. play with the browser-demo on http://127.0.0.1:8081","*/","","","","/* istanbul instrument in package npmtest_nodejs_websocket */","/*jslint","    bitwise: true,","    browser: true,","    maxerr: 8,","    maxlen: 96,","    node: true,","    nomen: true,","    regexp: true,","    stupid: true","*/","(function () {","    'use strict';","    var local;","","","","    // run shared js-env code - pre-init","    (function () {","        // init local","        local = {};","        // init modeJs","        local.modeJs = (function () {","            try {","                return typeof navigator.userAgent === 'string' &&","                    typeof document.querySelector('body') === 'object' &&","                    typeof XMLHttpRequest.prototype.open === 'function' &&","                    'browser';","            } catch (errorCaughtBrowser) {","                return module.exports &&","                    typeof process.versions.node === 'string' &&","                    typeof require('http').createServer === 'function' &&","                    'node';","            }","        }());","        // init global","        local.global = local.modeJs === 'browser'","            ? window","            : global;","        // init utility2_rollup","        local = local.global.utility2_rollup || (local.modeJs === 'browser'","            ? local.global.utility2_npmtest_nodejs_websocket","            : global.utility2_moduleExports);","        // export local","        local.global.local = local;","    }());","    switch (local.modeJs) {","","","","    // post-init","    // run browser js-env code - post-init","    /* istanbul ignore next */","    case 'browser':","        local.testRunBrowser = function (event) {","            if (!event || (event &&","                    event.currentTarget &&","                    event.currentTarget.className &&","                    event.currentTarget.className.includes &&","                    event.currentTarget.className.includes('onreset'))) {","                // reset output","                Array.from(","                    document.querySelectorAll('body > .resettable')","                ).forEach(function (element) {","                    switch (element.tagName) {","                    case 'INPUT':","                    case 'TEXTAREA':","                        element.value = '';","                        break;","                    default:","                        element.textContent = '';","                    }","                });","            }","            switch (event && event.currentTarget && event.currentTarget.id) {","            case 'testRunButton1':","                // show tests","                if (document.querySelector('#testReportDiv1').style.display === 'none') {","                    document.querySelector('#testReportDiv1').style.display = 'block';","                    document.querySelector('#testRunButton1').textContent =","                        'hide internal test';","                    local.modeTest = true;","                    local.testRunDefault(local);","                // hide tests","                } else {","                    document.querySelector('#testReportDiv1').style.display = 'none';","                    document.querySelector('#testRunButton1').textContent = 'run internal test';","                }","                break;","            // custom-case","            default:","                break;","            }","            if (document.querySelector('#inputTextareaEval1') && (!event || (event &&","                    event.currentTarget &&","                    event.currentTarget.className &&","                    event.currentTarget.className.includes &&","                    event.currentTarget.className.includes('oneval')))) {","                // try to eval input-code","                try {","                    /*jslint evil: true*/","                    eval(document.querySelector('#inputTextareaEval1').value);","                } catch (errorCaught) {","                    console.error(errorCaught);","                }","            }","        };","        // log stderr and stdout to #outputTextareaStdout1","        ['error', 'log'].forEach(function (key) {","            console[key + '_original'] = console[key];","            console[key] = function () {","                var element;","                console[key + '_original'].apply(console, arguments);","                element = document.querySelector('#outputTextareaStdout1');","                if (!element) {","                    return;","                }","                // append text to #outputTextareaStdout1","                element.value += Array.from(arguments).map(function (arg) {","                    return typeof arg === 'string'","                        ? arg","                        : JSON.stringify(arg, null, 4);","                }).join(' ') + '\\n';","                // scroll textarea to bottom","                element.scrollTop = element.scrollHeight;","            };","        });","        // init event-handling","        ['change', 'click', 'keyup'].forEach(function (event) {","            Array.from(document.querySelectorAll('.on' + event)).forEach(function (element) {","                element.addEventListener(event, local.testRunBrowser);","            });","        });","        // run tests","        local.testRunBrowser();","        break;","","","","    // run node js-env code - post-init","    /* istanbul ignore next */","    case 'node':","        // export local","        module.exports = local;","        // require modules","        local.fs = require('fs');","        local.http = require('http');","        local.url = require('url');","        // init assets","        local.assetsDict = local.assetsDict || {};","        /* jslint-ignore-begin */","        local.assetsDict['/assets.index.template.html'] = '\\","<!doctype html>\\n\\","<html lang=\"en\">\\n\\","<head>\\n\\","<meta charset=\"UTF-8\">\\n\\","<meta name=\"viewport\" content=\"width=device-width, initial-scale=1\">\\n\\","<title>{{env.npm_package_name}} (v{{env.npm_package_version}})</title>\\n\\","<style>\\n\\","/*csslint\\n\\","    box-sizing: false,\\n\\","    universal-selector: false\\n\\","*/\\n\\","* {\\n\\","    box-sizing: border-box;\\n\\","}\\n\\","body {\\n\\","    background: #dde;\\n\\","    font-family: Arial, Helvetica, sans-serif;\\n\\","    margin: 2rem;\\n\\","}\\n\\","body > * {\\n\\","    margin-bottom: 1rem;\\n\\","}\\n\\",".utility2FooterDiv {\\n\\","    margin-top: 20px;\\n\\","    text-align: center;\\n\\","}\\n\\","</style>\\n\\","<style>\\n\\","/*csslint\\n\\","*/\\n\\","textarea {\\n\\","    font-family: monospace;\\n\\","    height: 10rem;\\n\\","    width: 100%;\\n\\","}\\n\\","textarea[readonly] {\\n\\","    background: #ddd;\\n\\","}\\n\\","</style>\\n\\","</head>\\n\\","<body>\\n\\","<!-- utility2-comment\\n\\","<div id=\"ajaxProgressDiv1\" style=\"background: #d00; height: 2px; left: 0; margin: 0; padding: 0; position: fixed; top: 0; transition: background 0.5s, width 1.5s; width: 25%;\"></div>\\n\\","utility2-comment -->\\n\\","<h1>\\n\\","<!-- utility2-comment\\n\\","    <a\\n\\","        {{#if env.npm_package_homepage}}\\n\\","        href=\"{{env.npm_package_homepage}}\"\\n\\","        {{/if env.npm_package_homepage}}\\n\\","        target=\"_blank\"\\n\\","    >\\n\\","utility2-comment -->\\n\\","        {{env.npm_package_name}} (v{{env.npm_package_version}})\\n\\","<!-- utility2-comment\\n\\","    </a>\\n\\","utility2-comment -->\\n\\","</h1>\\n\\","<h3>{{env.npm_package_description}}</h3>\\n\\","<!-- utility2-comment\\n\\","<h4><a download href=\"assets.app.js\">download standalone app</a></h4>\\n\\","<button class=\"onclick onreset\" id=\"testRunButton1\">run internal test</button><br>\\n\\","<div id=\"testReportDiv1\" style=\"display: none;\"></div>\\n\\","utility2-comment -->\\n\\","\\n\\","\\n\\","\\n\\","<label>stderr and stdout</label>\\n\\","<textarea class=\"resettable\" id=\"outputTextareaStdout1\" readonly></textarea>\\n\\","<!-- utility2-comment\\n\\","{{#if isRollup}}\\n\\","<script src=\"assets.app.js\"></script>\\n\\","{{#unless isRollup}}\\n\\","utility2-comment -->\\n\\","<script src=\"assets.utility2.rollup.js\"></script>\\n\\","<script src=\"jsonp.utility2._stateInit?callback=window.utility2._stateInit\"></script>\\n\\","<script src=\"assets.npmtest_nodejs_websocket.rollup.js\"></script>\\n\\","<script src=\"assets.example.js\"></script>\\n\\","<script src=\"assets.test.js\"></script>\\n\\","<!-- utility2-comment\\n\\","{{/if isRollup}}\\n\\","utility2-comment -->\\n\\","<div class=\"utility2FooterDiv\">\\n\\","    [ this app was created with\\n\\","    <a href=\"https://github.com/kaizhu256/node-utility2\" target=\"_blank\">utility2</a>\\n\\","    ]\\n\\","</div>\\n\\","</body>\\n\\","</html>\\n\\","';","        /* jslint-ignore-end */","        if (local.templateRender) {","            local.assetsDict['/'] = local.templateRender(","                local.assetsDict['/assets.index.template.html'],","                {","                    env: local.objectSetDefault(local.env, {","                        npm_package_description: 'the greatest app in the world!',","                        npm_package_name: 'my-app',","                        npm_package_nameAlias: 'my_app',","                        npm_package_version: '0.0.1'","                    })","                }","            );","        } else {","            local.assetsDict['/'] = local.assetsDict['/assets.index.template.html']","                .replace((/\\{\\{env\\.(\\w+?)\\}\\}/g), function (match0, match1) {","                    // jslint-hack","                    String(match0);","                    switch (match1) {","                    case 'npm_package_description':","                        return 'the greatest app in the world!';","                    case 'npm_package_name':","                        return 'my-app';","                    case 'npm_package_nameAlias':","                        return 'my_app';","                    case 'npm_package_version':","                        return '0.0.1';","                    }","                });","        }","        // run the cli","        if (local.global.utility2_rollup || module !== require.main) {","            break;","        }","        local.assetsDict['/assets.example.js'] =","            local.assetsDict['/assets.example.js'] ||","            local.fs.readFileSync(__filename, 'utf8');","        // bug-workaround - long $npm_package_buildCustomOrg","        /* jslint-ignore-begin */","        local.assetsDict['/assets.npmtest_nodejs_websocket.rollup.js'] =","            local.assetsDict['/assets.npmtest_nodejs_websocket.rollup.js'] ||","            local.fs.readFileSync(","                local.npmtest_nodejs_websocket.__dirname + '/lib.npmtest_nodejs_websocket.js',","                'utf8'","            ).replace((/^#!/), '//');","        /* jslint-ignore-end */","        local.assetsDict['/favicon.ico'] = local.assetsDict['/favicon.ico'] || '';","        // if $npm_config_timeout_exit exists,","        // then exit this process after $npm_config_timeout_exit ms","        if (Number(process.env.npm_config_timeout_exit)) {","            setTimeout(process.exit, Number(process.env.npm_config_timeout_exit));","        }","        // start server","        if (local.global.utility2_serverHttp1) {","            break;","        }","        process.env.PORT = process.env.PORT || '8081';","        console.error('server starting on port ' + process.env.PORT);","        local.http.createServer(function (request, response) {","            request.urlParsed = local.url.parse(request.url);","            if (local.assetsDict[request.urlParsed.pathname] !== undefined) {","                response.end(local.assetsDict[request.urlParsed.pathname]);","                return;","            }","            response.statusCode = 404;","            response.end();","        }).listen(process.env.PORT);","        break;","    }","}());",""],"l":{"26":2,"28":2,"33":2,"35":2,"37":2,"38":2,"39":2,"44":1,"51":2,"55":2,"59":2,"61":2,"69":1,"70":2,"76":2,"79":2,"82":2,"83":2,"85":1,"89":2,"92":1,"93":1,"94":1,"96":1,"97":1,"100":1,"101":1,"103":1,"106":1,"108":2,"114":1,"116":1,"118":1,"123":1,"124":2,"125":2,"126":3,"127":3,"128":3,"129":3,"130":1,"133":3,"134":3,"139":3,"143":1,"144":3,"145":1,"149":1,"150":1,"158":1,"160":1,"161":1,"162":1,"164":1,"166":1,"258":1,"259":1,"271":1,"274":6,"275":6,"277":1,"279":2,"281":1,"283":2,"288":1,"289":1,"291":1,"296":1,"303":1,"306":1,"307":1,"310":1,"311":1,"313":1,"314":1,"315":1,"316":1,"317":1,"318":1,"319":1,"321":1,"322":1,"324":1}},"/home/travis/build/npmtest/node-npmtest-nodejs-websocket/node_modules/nodejs-websocket/index.js":{"path":"/home/travis/build/npmtest/node-npmtest-nodejs-websocket/node_modules/nodejs-websocket/index.js","s":{"1":1,"2":1,"3":0,"4":0,"5":0,"6":1,"7":0,"8":0,"9":0,"10":0,"11":0,"12":0,"13":0,"14":0,"15":0,"16":0,"17":0,"18":0,"19":0,"20":0,"21":1,"22":0,"23":1,"24":0,"25":1,"26":0,"27":0,"28":0,"29":0,"30":0,"31":0,"32":0,"33":0,"34":0,"35":0,"36":0},"b":{"1":[0,0],"2":[0,0],"3":[0,0],"4":[0,0],"5":[0,0],"6":[0,0],"7":[0,0],"8":[0,0],"9":[0,0],"10":[0,0],"11":[0,0]},"f":{"1":0,"2":0,"3":0,"4":0,"5":0},"fnMap":{"1":{"name":"(anonymous_1)","line":15,"loc":{"start":{"line":15,"column":23},"end":{"line":15,"column":52}}},"2":{"name":"(anonymous_2)","line":29,"loc":{"start":{"line":29,"column":18},"end":{"line":29,"column":52}}},"3":{"name":"(anonymous_3)","line":58,"loc":{"start":{"line":58,"column":33},"end":{"line":58,"column":50}}},"4":{"name":"(anonymous_4)","line":66,"loc":{"start":{"line":66,"column":29},"end":{"line":66,"column":46}}},"5":{"name":"parseWSURL","line":76,"loc":{"start":{"line":76,"column":0},"end":{"line":76,"column":25}}}},"statementMap":{"1":{"start":{"line":3,"column":0},"end":{"line":7,"column":21}},"2":{"start":{"line":15,"column":0},"end":{"line":20,"column":1}},"3":{"start":{"line":16,"column":1},"end":{"line":18,"column":2}},"4":{"start":{"line":17,"column":2},"end":{"line":17,"column":35}},"5":{"start":{"line":19,"column":1},"end":{"line":19,"column":62}},"6":{"start":{"line":29,"column":0},"end":{"line":52,"column":1}},"7":{"start":{"line":30,"column":1},"end":{"line":30,"column":11}},"8":{"start":{"line":32,"column":1},"end":{"line":35,"column":2}},"9":{"start":{"line":33,"column":2},"end":{"line":33,"column":20}},"10":{"start":{"line":34,"column":2},"end":{"line":34,"column":21}},"11":{"start":{"line":36,"column":1},"end":{"line":36,"column":24}},"12":{"start":{"line":38,"column":1},"end":{"line":38,"column":40}},"13":{"start":{"line":39,"column":1},"end":{"line":39,"column":38}},"14":{"start":{"line":40,"column":1},"end":{"line":40,"column":38}},"15":{"start":{"line":42,"column":1},"end":{"line":42,"column":54}},"16":{"start":{"line":43,"column":1},"end":{"line":43,"column":48}},"17":{"start":{"line":45,"column":1},"end":{"line":49,"column":2}},"18":{"start":{"line":46,"column":2},"end":{"line":46,"column":31}},"19":{"start":{"line":48,"column":2},"end":{"line":48,"column":31}},"20":{"start":{"line":51,"column":1},"end":{"line":51,"column":59}},"21":{"start":{"line":58,"column":0},"end":{"line":60,"column":1}},"22":{"start":{"line":59,"column":1},"end":{"line":59,"column":39}},"23":{"start":{"line":66,"column":0},"end":{"line":68,"column":1}},"24":{"start":{"line":67,"column":1},"end":{"line":67,"column":35}},"25":{"start":{"line":76,"column":0},"end":{"line":99,"column":1}},"26":{"start":{"line":77,"column":1},"end":{"line":77,"column":18}},"27":{"start":{"line":79,"column":1},"end":{"line":79,"column":23}},"28":{"start":{"line":81,"column":1},"end":{"line":81,"column":41}},"29":{"start":{"line":82,"column":1},"end":{"line":88,"column":2}},"30":{"start":{"line":83,"column":2},"end":{"line":83,"column":16}},"31":{"start":{"line":84,"column":8},"end":{"line":88,"column":2}},"32":{"start":{"line":85,"column":2},"end":{"line":85,"column":15}},"33":{"start":{"line":87,"column":2},"end":{"line":87,"column":82}},"34":{"start":{"line":90,"column":1},"end":{"line":90,"column":47}},"35":{"start":{"line":91,"column":1},"end":{"line":91,"column":31}},"36":{"start":{"line":93,"column":1},"end":{"line":98,"column":2}}},"branchMap":{"1":{"line":16,"type":"if","locations":[{"start":{"line":16,"column":1},"end":{"line":16,"column":1}},{"start":{"line":16,"column":1},"end":{"line":16,"column":1}}]},"2":{"line":16,"type":"binary-expr","locations":[{"start":{"line":16,"column":5},"end":{"line":16,"column":34}},{"start":{"line":16,"column":38},"end":{"line":16,"column":55}}]},"3":{"line":32,"type":"if","locations":[{"start":{"line":32,"column":1},"end":{"line":32,"column":1}},{"start":{"line":32,"column":1},"end":{"line":32,"column":1}}]},"4":{"line":36,"type":"binary-expr","locations":[{"start":{"line":36,"column":11},"end":{"line":36,"column":18}},{"start":{"line":36,"column":22},"end":{"line":36,"column":24}}]},"5":{"line":45,"type":"if","locations":[{"start":{"line":45,"column":1},"end":{"line":45,"column":1}},{"start":{"line":45,"column":1},"end":{"line":45,"column":1}}]},"6":{"line":81,"type":"binary-expr","locations":[{"start":{"line":81,"column":18},"end":{"line":81,"column":32}},{"start":{"line":81,"column":36},"end":{"line":81,"column":41}}]},"7":{"line":82,"type":"if","locations":[{"start":{"line":82,"column":1},"end":{"line":82,"column":1}},{"start":{"line":82,"column":1},"end":{"line":82,"column":1}}]},"8":{"line":84,"type":"if","locations":[{"start":{"line":84,"column":8},"end":{"line":84,"column":8}},{"start":{"line":84,"column":8},"end":{"line":84,"column":8}}]},"9":{"line":90,"type":"binary-expr","locations":[{"start":{"line":90,"column":14},"end":{"line":90,"column":24}},{"start":{"line":90,"column":29},"end":{"line":90,"column":46}}]},"10":{"line":90,"type":"cond-expr","locations":[{"start":{"line":90,"column":38},"end":{"line":90,"column":41}},{"start":{"line":90,"column":44},"end":{"line":90,"column":46}}]},"11":{"line":91,"type":"binary-expr","locations":[{"start":{"line":91,"column":14},"end":{"line":91,"column":24}},{"start":{"line":91,"column":28},"end":{"line":91,"column":31}}]}},"code":["'use strict'","","var Server = require('./Server'),","\tConnection = require('./Connection'),","\tnet = require('net'),","\ttls = require('tls'),","\turl = require('url')","","/**"," * Create a WebSocket server"," * @param {Object} [options] will be passed to net.createServer() or tls.createServer(), with the additional property 'secure' (a boolean)"," * @param {Function} callback will be added as 'connection' listener"," * @returns {Server}"," */","exports.createServer = function (options, callback) {","\tif (typeof options === 'function' || !arguments.length) {","\t\treturn new Server(false, options)","\t}","\treturn new Server(Boolean(options.secure), options, callback)","}","","/**"," * Create a WebSocket client"," * @param {string} URL with the format 'ws://localhost:8000/chat' (the port can be ommited)"," * @param {Object} [options] will be passed to net.connect() or tls.connect()"," * @param {Function} callback will be added as 'connect' listener"," * @returns {Connection}"," */","exports.connect = function (URL, options, callback) {","\tvar socket","","\tif (typeof options === 'function') {","\t\tcallback = options","\t\toptions = undefined","\t}","\toptions = options || {}","","\tvar connectionOptions = parseWSURL(URL)","\toptions.port = connectionOptions.port","\toptions.host = connectionOptions.host","","\tconnectionOptions.extraHeaders = options.extraHeaders","\tconnectionOptions.protocols = options.protocols","","\tif (connectionOptions.secure) {","\t\tsocket = tls.connect(options)","\t} else {","\t\tsocket = net.connect(options)","\t}","","\treturn new Connection(socket, connectionOptions, callback)","}","","/**"," * Set the minimum size of a pack of binary data to send in a single frame"," * @param {number} bytes"," */","exports.setBinaryFragmentation = function (bytes) {","\tConnection.binaryFragmentation = bytes","}","","/**"," * Set the maximum size the internal Buffer can grow, to avoid memory attacks"," * @param {number} bytes"," */","exports.setMaxBufferLength = function (bytes) {","\tConnection.maxBufferLength = bytes","}","","/**"," * Parse the WebSocket URL"," * @param {string} URL"," * @returns {Object}"," * @private"," */","function parseWSURL(URL) {","\tvar parts, secure","","\tparts = url.parse(URL)","","\tparts.protocol = parts.protocol || 'ws:'","\tif (parts.protocol === 'ws:') {","\t\tsecure = false","\t} else if (parts.protocol === 'wss:') {","\t\tsecure = true","\t} else {","\t\tthrow new Error('Invalid protocol ' + parts.protocol + '. It must be ws or wss')","\t}","","\tparts.port = parts.port || (secure ? 443 : 80)","\tparts.path = parts.path || '/'","","\treturn {","\t\tpath: parts.path,","\t\tport: parts.port,","\t\tsecure: secure,","\t\thost: parts.hostname","\t}","}"],"l":{"3":1,"15":1,"16":0,"17":0,"19":0,"29":1,"30":0,"32":0,"33":0,"34":0,"36":0,"38":0,"39":0,"40":0,"42":0,"43":0,"45":0,"46":0,"48":0,"51":0,"58":1,"59":0,"66":1,"67":0,"76":1,"77":0,"79":0,"81":0,"82":0,"83":0,"84":0,"85":0,"87":0,"90":0,"91":0,"93":0}},"/home/travis/build/npmtest/node-npmtest-nodejs-websocket/node_modules/nodejs-websocket/Server.js":{"path":"/home/travis/build/npmtest/node-npmtest-nodejs-websocket/node_modules/nodejs-websocket/Server.js","s":{"1":1,"2":1,"3":1,"4":0,"5":0,"6":0,"7":0,"8":0,"9":0,"10":0,"11":0,"12":0,"13":0,"14":0,"15":0,"16":0,"17":0,"18":0,"19":0,"20":0,"21":0,"22":0,"23":0,"24":0,"25":0,"26":0,"27":0,"28":0,"29":0,"30":0,"31":0,"32":0,"33":0,"34":1,"35":1,"36":1,"37":1,"38":0,"39":0,"40":0,"41":0,"42":0,"43":0,"44":0,"45":0,"46":0,"47":1,"48":0,"49":0,"50":0,"51":1,"52":0,"53":0,"54":0,"55":0,"56":0},"b":{"1":[0,0],"2":[0,0],"3":[0,0],"4":[0,0],"5":[0,0],"6":[0,0],"7":[0,0],"8":[0,0],"9":[0,0],"10":[0,0],"11":[0,0],"12":[0,0]},"f":{"1":0,"2":0,"3":0,"4":0,"5":0,"6":0,"7":0,"8":0,"9":0,"10":0,"11":0,"12":0},"fnMap":{"1":{"name":"nop","line":6,"loc":{"start":{"line":6,"column":0},"end":{"line":6,"column":15}}},"2":{"name":"Server","line":35,"loc":{"start":{"line":35,"column":0},"end":{"line":35,"column":43}}},"3":{"name":"(anonymous_3)","line":43,"loc":{"start":{"line":43,"column":20},"end":{"line":43,"column":38}}},"4":{"name":"(anonymous_4)","line":44,"loc":{"start":{"line":44,"column":42},"end":{"line":44,"column":54}}},"5":{"name":"(anonymous_5)","line":49,"loc":{"start":{"line":49,"column":19},"end":{"line":49,"column":31}}},"6":{"name":"(anonymous_6)","line":66,"loc":{"start":{"line":66,"column":25},"end":{"line":66,"column":37}}},"7":{"name":"(anonymous_7)","line":69,"loc":{"start":{"line":69,"column":25},"end":{"line":69,"column":40}}},"8":{"name":"(anonymous_8)","line":107,"loc":{"start":{"line":107,"column":26},"end":{"line":107,"column":58}}},"9":{"name":"(anonymous_9)","line":119,"loc":{"start":{"line":119,"column":32},"end":{"line":119,"column":44}}},"10":{"name":"(anonymous_10)","line":132,"loc":{"start":{"line":132,"column":25},"end":{"line":132,"column":45}}},"11":{"name":"(anonymous_11)","line":145,"loc":{"start":{"line":145,"column":40},"end":{"line":145,"column":66}}},"12":{"name":"(anonymous_12)","line":146,"loc":{"start":{"line":146,"column":8},"end":{"line":146,"column":35}}}},"statementMap":{"1":{"start":{"line":6,"column":0},"end":{"line":6,"column":17}},"2":{"start":{"line":8,"column":0},"end":{"line":12,"column":11}},"3":{"start":{"line":35,"column":0},"end":{"line":94,"column":1}},"4":{"start":{"line":36,"column":1},"end":{"line":36,"column":16}},"5":{"start":{"line":38,"column":1},"end":{"line":41,"column":2}},"6":{"start":{"line":39,"column":2},"end":{"line":39,"column":20}},"7":{"start":{"line":40,"column":2},"end":{"line":40,"column":21}},"8":{"start":{"line":43,"column":1},"end":{"line":58,"column":2}},"9":{"start":{"line":44,"column":2},"end":{"line":48,"column":4}},"10":{"start":{"line":45,"column":3},"end":{"line":45,"column":30}},"11":{"start":{"line":46,"column":3},"end":{"line":46,"column":36}},"12":{"start":{"line":47,"column":3},"end":{"line":47,"column":32}},"13":{"start":{"line":49,"column":2},"end":{"line":54,"column":4}},"14":{"start":{"line":50,"column":3},"end":{"line":50,"column":43}},"15":{"start":{"line":51,"column":3},"end":{"line":53,"column":4}},"16":{"start":{"line":52,"column":4},"end":{"line":52,"column":35}},"17":{"start":{"line":57,"column":2},"end":{"line":57,"column":23}},"18":{"start":{"line":60,"column":1},"end":{"line":64,"column":2}},"19":{"start":{"line":61,"column":2},"end":{"line":61,"column":55}},"20":{"start":{"line":63,"column":2},"end":{"line":63,"column":55}},"21":{"start":{"line":66,"column":1},"end":{"line":68,"column":3}},"22":{"start":{"line":67,"column":2},"end":{"line":67,"column":20}},"23":{"start":{"line":69,"column":1},"end":{"line":71,"column":3}},"24":{"start":{"line":70,"column":2},"end":{"line":70,"column":25}},"25":{"start":{"line":72,"column":1},"end":{"line":72,"column":22}},"26":{"start":{"line":75,"column":1},"end":{"line":75,"column":31}},"27":{"start":{"line":76,"column":1},"end":{"line":78,"column":2}},"28":{"start":{"line":77,"column":2},"end":{"line":77,"column":33}},"29":{"start":{"line":85,"column":1},"end":{"line":85,"column":28}},"30":{"start":{"line":87,"column":1},"end":{"line":93,"column":2}},"31":{"start":{"line":89,"column":2},"end":{"line":89,"column":47}},"32":{"start":{"line":90,"column":8},"end":{"line":93,"column":2}},"33":{"start":{"line":92,"column":2},"end":{"line":92,"column":74}},"34":{"start":{"line":96,"column":0},"end":{"line":96,"column":42}},"35":{"start":{"line":97,"column":0},"end":{"line":97,"column":23}},"36":{"start":{"line":99,"column":0},"end":{"line":99,"column":36}},"37":{"start":{"line":107,"column":0},"end":{"line":124,"column":1}},"38":{"start":{"line":108,"column":1},"end":{"line":108,"column":16}},"39":{"start":{"line":110,"column":1},"end":{"line":113,"column":2}},"40":{"start":{"line":111,"column":2},"end":{"line":111,"column":17}},"41":{"start":{"line":112,"column":2},"end":{"line":112,"column":18}},"42":{"start":{"line":115,"column":1},"end":{"line":117,"column":2}},"43":{"start":{"line":116,"column":2},"end":{"line":116,"column":32}},"44":{"start":{"line":119,"column":1},"end":{"line":121,"column":3}},"45":{"start":{"line":120,"column":2},"end":{"line":120,"column":24}},"46":{"start":{"line":123,"column":1},"end":{"line":123,"column":12}},"47":{"start":{"line":132,"column":0},"end":{"line":137,"column":1}},"48":{"start":{"line":133,"column":1},"end":{"line":135,"column":2}},"49":{"start":{"line":134,"column":2},"end":{"line":134,"column":30}},"50":{"start":{"line":136,"column":1},"end":{"line":136,"column":20}},"51":{"start":{"line":145,"column":0},"end":{"line":158,"column":1}},"52":{"start":{"line":146,"column":1},"end":{"line":157,"column":2}},"53":{"start":{"line":147,"column":2},"end":{"line":147,"column":7}},"54":{"start":{"line":149,"column":2},"end":{"line":154,"column":3}},"55":{"start":{"line":150,"column":3},"end":{"line":153,"column":4}},"56":{"start":{"line":152,"column":4},"end":{"line":152,"column":23}}},"branchMap":{"1":{"line":38,"type":"if","locations":[{"start":{"line":38,"column":1},"end":{"line":38,"column":1}},{"start":{"line":38,"column":1},"end":{"line":38,"column":1}}]},"2":{"line":51,"type":"if","locations":[{"start":{"line":51,"column":3},"end":{"line":51,"column":3}},{"start":{"line":51,"column":3},"end":{"line":51,"column":3}}]},"3":{"line":60,"type":"if","locations":[{"start":{"line":60,"column":1},"end":{"line":60,"column":1}},{"start":{"line":60,"column":1},"end":{"line":60,"column":1}}]},"4":{"line":76,"type":"if","locations":[{"start":{"line":76,"column":1},"end":{"line":76,"column":1}},{"start":{"line":76,"column":1},"end":{"line":76,"column":1}}]},"5":{"line":87,"type":"if","locations":[{"start":{"line":87,"column":1},"end":{"line":87,"column":1}},{"start":{"line":87,"column":1},"end":{"line":87,"column":1}}]},"6":{"line":87,"type":"binary-expr","locations":[{"start":{"line":87,"column":5},"end":{"line":87,"column":12}},{"start":{"line":87,"column":16},"end":{"line":87,"column":38}}]},"7":{"line":90,"type":"if","locations":[{"start":{"line":90,"column":8},"end":{"line":90,"column":8}},{"start":{"line":90,"column":8},"end":{"line":90,"column":8}}]},"8":{"line":90,"type":"binary-expr","locations":[{"start":{"line":90,"column":12},"end":{"line":90,"column":19}},{"start":{"line":90,"column":23},"end":{"line":90,"column":45}}]},"9":{"line":110,"type":"if","locations":[{"start":{"line":110,"column":1},"end":{"line":110,"column":1}},{"start":{"line":110,"column":1},"end":{"line":110,"column":1}}]},"10":{"line":115,"type":"if","locations":[{"start":{"line":115,"column":1},"end":{"line":115,"column":1}},{"start":{"line":115,"column":1},"end":{"line":115,"column":1}}]},"11":{"line":133,"type":"if","locations":[{"start":{"line":133,"column":1},"end":{"line":133,"column":1}},{"start":{"line":133,"column":1},"end":{"line":133,"column":1}}]},"12":{"line":150,"type":"if","locations":[{"start":{"line":150,"column":3},"end":{"line":150,"column":3}},{"start":{"line":150,"column":3},"end":{"line":150,"column":3}}]}},"code":["/**"," * @file Represents a websocket server"," */","'use strict'","","function nop() {}","","var util = require('util'),","\tnet = require('net'),","\ttls = require('tls'),","\tevents = require('events'),","\tConnection","","/**"," * @callback SelectProtocolCallback"," * @param {Connection} connection"," * @param {Array<string>} protocols"," * @returns {?string}"," */","","/**"," * Creates a new ws server and starts listening for new connections"," * @class"," * @param {boolean} secure indicates if it should use tls"," * @param {Object} [options] will be passed to net.createServer() or tls.createServer()"," * @param {Array<string>} [options.validProtocols]"," * @param {SelectProtocolCallback} [options.selectProtocol]"," * @param {Function} [callback] will be added as \"connection\" listener"," * @inherits EventEmitter"," * @event listening"," * @event close"," * @event error an error object is passed"," * @event connection a Connection object is passed"," */","function Server(secure, options, callback) {","\tvar that = this","","\tif (typeof options === 'function') {","\t\tcallback = options","\t\toptions = undefined","\t}","","\tvar onConnection = function (socket) {","\t\tvar conn = new Connection(socket, that, function () {","\t\t\tthat.connections.push(conn)","\t\t\tconn.removeListener('error', nop)","\t\t\tthat.emit('connection', conn)","\t\t})","\t\tconn.on('close', function () {","\t\t\tvar pos = that.connections.indexOf(conn)","\t\t\tif (pos !== -1) {","\t\t\t\tthat.connections.splice(pos, 1)","\t\t\t}","\t\t})","","\t\t// Ignore errors before the connection is established","\t\tconn.on('error', nop)","\t}","","\tif (secure) {","\t\tthis.socket = tls.createServer(options, onConnection)","\t} else {","\t\tthis.socket = net.createServer(options, onConnection)","\t}","","\tthis.socket.on('close', function () {","\t\tthat.emit('close')","\t})","\tthis.socket.on('error', function (err) {","\t\tthat.emit('error', err)","\t})","\tthis.connections = []","","\t// super constructor","\tevents.EventEmitter.call(this)","\tif (callback) {","\t\tthis.on('connection', callback)","\t}","","\t// Add protocol agreement handling","\t/**","\t * @member {?SelectProtocolCallback}","\t * @private","\t */","\tthis._selectProtocol = null","","\tif (options && options.selectProtocol) {","\t\t// User-provided logic","\t\tthis._selectProtocol = options.selectProtocol","\t} else if (options && options.validProtocols) {","\t\t// Default logic","\t\tthis._selectProtocol = this._buildSelectProtocol(options.validProtocols)","\t}","}","","util.inherits(Server, events.EventEmitter)","module.exports = Server","","Connection = require('./Connection')","","/**"," * Start listening for connections"," * @param {number} port"," * @param {string} [host]"," * @param {Function} [callback] will be added as \"connection\" listener"," */","Server.prototype.listen = function (port, host, callback) {","\tvar that = this","","\tif (typeof host === 'function') {","\t\tcallback = host","\t\thost = undefined","\t}","","\tif (callback) {","\t\tthis.on('listening', callback)","\t}","","\tthis.socket.listen(port, host, function () {","\t\tthat.emit('listening')","\t})","","\treturn this","}","","/**"," * Stops the server from accepting new connections and keeps existing connections."," * This function is asynchronous, the server is finally closed when all connections are ended and the server emits a 'close' event."," * The optional callback will be called once the 'close' event occurs."," * @param {function()} [callback]"," */","Server.prototype.close = function (callback) {","\tif (callback) {","\t\tthis.once('close', callback)","\t}","\tthis.socket.close()","}","","/**"," * Create a resolver to pick the client's most preferred protocol the server recognises"," * @param {Array<string>} validProtocols"," * @returns {SelectProtocolCallback}"," * @private"," */","Server.prototype._buildSelectProtocol = function (validProtocols) {","\treturn function (conn, protocols) {","\t\tvar i","","\t\tfor (i = 0; i < protocols.length; i++) {","\t\t\tif (validProtocols.indexOf(protocols[i]) !== -1) {","\t\t\t\t// A valid protocol was found","\t\t\t\treturn protocols[i]","\t\t\t}","\t\t}","","\t\t// No agreement","\t}","}"],"l":{"6":1,"8":1,"35":1,"36":0,"38":0,"39":0,"40":0,"43":0,"44":0,"45":0,"46":0,"47":0,"49":0,"50":0,"51":0,"52":0,"57":0,"60":0,"61":0,"63":0,"66":0,"67":0,"69":0,"70":0,"72":0,"75":0,"76":0,"77":0,"85":0,"87":0,"89":0,"90":0,"92":0,"96":1,"97":1,"99":1,"107":1,"108":0,"110":0,"111":0,"112":0,"115":0,"116":0,"119":0,"120":0,"123":0,"132":1,"133":0,"134":0,"136":0,"145":1,"146":0,"147":0,"149":0,"150":0,"152":0}},"/home/travis/build/npmtest/node-npmtest-nodejs-websocket/node_modules/nodejs-websocket/Connection.js":{"path":"/home/travis/build/npmtest/node-npmtest-nodejs-websocket/node_modules/nodejs-websocket/Connection.js","s":{"1":1,"2":1,"3":0,"4":0,"5":0,"6":0,"7":0,"8":0,"9":0,"10":0,"11":0,"12":0,"13":0,"14":0,"15":0,"16":0,"17":0,"18":0,"19":0,"20":0,"21":0,"22":0,"23":0,"24":0,"25":0,"26":0,"27":0,"28":0,"29":0,"30":0,"31":0,"32":0,"33":0,"34":0,"35":0,"36":0,"37":0,"38":0,"39":0,"40":0,"41":0,"42":0,"43":0,"44":0,"45":0,"46":1,"47":1,"48":1,"49":1,"50":1,"51":1,"52":1,"53":1,"54":1,"55":0,"56":0,"57":0,"58":0,"59":0,"60":1,"61":0,"62":0,"63":0,"64":0,"65":0,"66":1,"67":0,"68":0,"69":0,"70":0,"71":0,"72":1,"73":0,"74":0,"75":0,"76":0,"77":0,"78":1,"79":0,"80":0,"81":0,"82":1,"83":0,"84":0,"85":0,"86":0,"87":0,"88":0,"89":0,"90":1,"91":0,"92":0,"93":0,"94":0,"95":0,"96":0,"97":0,"98":0,"99":0,"100":0,"101":0,"102":0,"103":0,"104":0,"105":1,"106":0,"107":0,"108":0,"109":0,"110":0,"111":0,"112":0,"113":0,"114":0,"115":0,"116":0,"117":0,"118":1,"119":0,"120":0,"121":0,"122":0,"123":0,"124":0,"125":0,"126":0,"127":0,"128":0,"129":0,"130":0,"131":0,"132":0,"133":0,"134":0,"135":0,"136":0,"137":0,"138":0,"139":0,"140":1,"141":0,"142":0,"143":0,"144":0,"145":1,"146":0,"147":0,"148":0,"149":0,"150":0,"151":0,"152":0,"153":0,"154":0,"155":0,"156":0,"157":0,"158":0,"159":0,"160":0,"161":0,"162":0,"163":0,"164":0,"165":0,"166":0,"167":0,"168":0,"169":0,"170":0,"171":0,"172":0,"173":0,"174":0,"175":0,"176":1,"177":0,"178":0,"179":0,"180":0,"181":0,"182":0,"183":0,"184":0,"185":0,"186":0,"187":0,"188":0,"189":0,"190":0,"191":0,"192":0,"193":0,"194":0,"195":0,"196":0,"197":0,"198":0,"199":0,"200":0,"201":0,"202":0,"203":0,"204":0,"205":1,"206":0,"207":0,"208":0,"209":0,"210":0,"211":0,"212":0,"213":0,"214":0,"215":0,"216":0,"217":0,"218":0,"219":0,"220":0,"221":0,"222":0,"223":0,"224":0,"225":0,"226":0,"227":0,"228":0,"229":0,"230":0,"231":0,"232":0,"233":0,"234":0,"235":0,"236":0,"237":0,"238":0,"239":0,"240":0,"241":0,"242":1,"243":0,"244":0,"245":0,"246":0,"247":0,"248":0,"249":0,"250":0,"251":0,"252":0,"253":0,"254":0,"255":0,"256":0,"257":0,"258":0,"259":0,"260":0,"261":0,"262":0,"263":0,"264":0,"265":0,"266":0,"267":0,"268":0,"269":0,"270":0,"271":0,"272":0,"273":0,"274":0,"275":0,"276":0,"277":0,"278":1,"279":0,"280":0,"281":0,"282":0,"283":0,"284":0,"285":0,"286":0,"287":0,"288":1,"289":0,"290":0,"291":0,"292":0},"b":{"1":[0,0],"2":[0,0],"3":[0,0],"4":[0,0],"5":[0,0],"6":[0,0],"7":[0,0],"8":[0,0],"9":[0,0],"10":[0,0],"11":[0,0],"12":[0,0],"13":[0,0],"14":[0,0],"15":[0,0],"16":[0,0],"17":[0,0],"18":[0,0],"19":[0,0],"20":[0,0],"21":[0,0],"22":[0,0],"23":[0,0],"24":[0,0],"25":[0,0],"26":[0,0],"27":[0,0],"28":[0,0],"29":[0,0],"30":[0,0],"31":[0,0],"32":[0,0],"33":[0,0,0,0],"34":[0,0],"35":[0,0],"36":[0,0],"37":[0,0],"38":[0,0],"39":[0,0],"40":[0,0],"41":[0,0],"42":[0,0,0],"43":[0,0],"44":[0,0],"45":[0,0],"46":[0,0],"47":[0,0],"48":[0,0],"49":[0,0],"50":[0,0],"51":[0,0],"52":[0,0],"53":[0,0],"54":[0,0,0,0],"55":[0,0],"56":[0,0],"57":[0,0],"58":[0,0],"59":[0,0],"60":[0,0],"61":[0,0],"62":[0,0],"63":[0,0],"64":[0,0,0,0,0,0],"65":[0,0],"66":[0,0],"67":[0,0],"68":[0,0,0,0],"69":[0,0],"70":[0,0],"71":[0,0],"72":[0,0],"73":[0,0],"74":[0,0],"75":[0,0],"76":[0,0],"77":[0,0],"78":[0,0],"79":[0,0],"80":[0,0],"81":[0,0],"82":[0,0],"83":[0,0],"84":[0,0],"85":[0,0],"86":[0,0],"87":[0,0],"88":[0,0],"89":[0,0],"90":[0,0],"91":[0,0],"92":[0,0],"93":[0,0]},"f":{"1":0,"2":0,"3":0,"4":0,"5":0,"6":0,"7":0,"8":0,"9":0,"10":0,"11":0,"12":0,"13":0,"14":0,"15":0,"16":0,"17":0,"18":0,"19":0,"20":0,"21":0,"22":0},"fnMap":{"1":{"name":"Connection","line":35,"loc":{"start":{"line":35,"column":0},"end":{"line":35,"column":55}}},"2":{"name":"(anonymous_2)","line":65,"loc":{"start":{"line":65,"column":23},"end":{"line":65,"column":35}}},"3":{"name":"(anonymous_3)","line":69,"loc":{"start":{"line":69,"column":20},"end":{"line":69,"column":35}}},"4":{"name":"(anonymous_4)","line":75,"loc":{"start":{"line":75,"column":26},"end":{"line":75,"column":38}}},"5":{"name":"(anonymous_5)","line":81,"loc":{"start":{"line":81,"column":15},"end":{"line":81,"column":27}}},"6":{"name":"(anonymous_6)","line":139,"loc":{"start":{"line":139,"column":32},"end":{"line":139,"column":57}}},"7":{"name":"(anonymous_7)","line":154,"loc":{"start":{"line":154,"column":35},"end":{"line":154,"column":47}}},"8":{"name":"(anonymous_8)","line":170,"loc":{"start":{"line":170,"column":34},"end":{"line":170,"column":60}}},"9":{"name":"(anonymous_9)","line":186,"loc":{"start":{"line":186,"column":28},"end":{"line":186,"column":54}}},"10":{"name":"(anonymous_10)","line":201,"loc":{"start":{"line":201,"column":32},"end":{"line":201,"column":48}}},"11":{"name":"(anonymous_11)","line":216,"loc":{"start":{"line":216,"column":29},"end":{"line":216,"column":53}}},"12":{"name":"(anonymous_12)","line":232,"loc":{"start":{"line":232,"column":30},"end":{"line":232,"column":42}}},"13":{"name":"(anonymous_13)","line":269,"loc":{"start":{"line":269,"column":38},"end":{"line":269,"column":50}}},"14":{"name":"(anonymous_14)","line":302,"loc":{"start":{"line":302,"column":37},"end":{"line":302,"column":49}}},"15":{"name":"(anonymous_15)","line":348,"loc":{"start":{"line":348,"column":35},"end":{"line":348,"column":52}}},"16":{"name":"(anonymous_16)","line":366,"loc":{"start":{"line":366,"column":38},"end":{"line":366,"column":55}}},"17":{"name":"(anonymous_17)","line":429,"loc":{"start":{"line":429,"column":39},"end":{"line":429,"column":56}}},"18":{"name":"(anonymous_18)","line":465,"loc":{"start":{"line":465,"column":73},"end":{"line":465,"column":89}}},"19":{"name":"(anonymous_19)","line":496,"loc":{"start":{"line":496,"column":36},"end":{"line":496,"column":48}}},"20":{"name":"(anonymous_20)","line":575,"loc":{"start":{"line":575,"column":36},"end":{"line":575,"column":68}}},"21":{"name":"(anonymous_21)","line":649,"loc":{"start":{"line":649,"column":41},"end":{"line":649,"column":60}}},"22":{"name":"(anonymous_22)","line":670,"loc":{"start":{"line":670,"column":36},"end":{"line":670,"column":68}}}},"statementMap":{"1":{"start":{"line":6,"column":0},"end":{"line":12,"column":29}},"2":{"start":{"line":35,"column":0},"end":{"line":103,"column":1}},"3":{"start":{"line":36,"column":1},"end":{"line":37,"column":14}},"4":{"start":{"line":39,"column":1},"end":{"line":53,"column":2}},"5":{"start":{"line":41,"column":2},"end":{"line":41,"column":31}},"6":{"start":{"line":42,"column":2},"end":{"line":42,"column":18}},"7":{"start":{"line":43,"column":2},"end":{"line":43,"column":18}},"8":{"start":{"line":44,"column":2},"end":{"line":44,"column":26}},"9":{"start":{"line":45,"column":2},"end":{"line":45,"column":21}},"10":{"start":{"line":48,"column":2},"end":{"line":48,"column":20}},"11":{"start":{"line":49,"column":2},"end":{"line":49,"column":34}},"12":{"start":{"line":50,"column":2},"end":{"line":50,"column":34}},"13":{"start":{"line":51,"column":2},"end":{"line":51,"column":50}},"14":{"start":{"line":52,"column":2},"end":{"line":52,"column":50}},"15":{"start":{"line":55,"column":1},"end":{"line":55,"column":26}},"16":{"start":{"line":56,"column":1},"end":{"line":56,"column":21}},"17":{"start":{"line":57,"column":1},"end":{"line":57,"column":34}},"18":{"start":{"line":58,"column":1},"end":{"line":58,"column":28}},"19":{"start":{"line":59,"column":1},"end":{"line":59,"column":24}},"20":{"start":{"line":60,"column":1},"end":{"line":60,"column":22}},"21":{"start":{"line":61,"column":1},"end":{"line":61,"column":16}},"22":{"start":{"line":62,"column":1},"end":{"line":62,"column":18}},"23":{"start":{"line":65,"column":1},"end":{"line":67,"column":3}},"24":{"start":{"line":66,"column":2},"end":{"line":66,"column":15}},"25":{"start":{"line":69,"column":1},"end":{"line":71,"column":3}},"26":{"start":{"line":70,"column":2},"end":{"line":70,"column":25}},"27":{"start":{"line":73,"column":1},"end":{"line":78,"column":2}},"28":{"start":{"line":74,"column":2},"end":{"line":74,"column":92}},"29":{"start":{"line":75,"column":2},"end":{"line":77,"column":4}},"30":{"start":{"line":76,"column":3},"end":{"line":76,"column":24}},"31":{"start":{"line":81,"column":1},"end":{"line":94,"column":2}},"32":{"start":{"line":82,"column":2},"end":{"line":84,"column":3}},"33":{"start":{"line":83,"column":3},"end":{"line":83,"column":31}},"34":{"start":{"line":85,"column":2},"end":{"line":85,"column":31}},"35":{"start":{"line":86,"column":2},"end":{"line":89,"column":3}},"36":{"start":{"line":87,"column":3},"end":{"line":87,"column":25}},"37":{"start":{"line":88,"column":3},"end":{"
[...]
"/**"," * @file Simple wrapper for stream.Readable, used for receiving binary data"," */","'use strict'","","var util = require('util'),","\tstream = require('stream')","","/**"," * Represents the readable stream for binary frames"," * @class"," * @event readable"," * @event end"," */","function InStream() {","\tstream.Readable.call(this)","}","","module.exports = InStream","","util.inherits(InStream, stream.Readable)","","/**"," * No logic here, the pushs are made outside _read"," * @private"," */","InStream.prototype._read = function () {}","","/**"," * Add more data to the stream and fires \"readable\" event"," * @param {Buffer} data"," * @private"," */","InStream.prototype.addData = function (data) {","\tthis.push(data)","}","","/**"," * Indicates there is no more data to add to the stream"," * @private"," */","InStream.prototype.end = function () {","\tthis.push(null)","}"],"l":{"6":1,"15":1,"16":0,"19":1,"21":1,"27":1,"34":1,"35":0,"42":1,"43":0}},"/home/travis/build/npmtest/node-npmtest-nodejs-websocket/node_modules/nodejs-websocket/OutStream.js":{"path":"/home/travis/build/npmtest/node-npmtest-nodejs-websocket/node_modules/nodejs-websocket/OutStream.js","s":{"1":1,"2":1,"3":0,"4":0,"5":0,"6":0,"7":0,"8":0,"9":0,"10":0,"11":0,"12":0,"13":1,"14":1,"15":1,"16":0,"17":0,"18":0,"19":0,"20":0,"21":0,"22":0,"23":0,"24":0,"25":0,"26":0},"b":{"1":[0,0],"2":[0,0],"3":[0,0],"4":[0,0]},"f":{"1":0,"2":0,"3":0},"fnMap":{"1":{"name":"OutStream","line":15,"loc":{"start":{"line":15,"column":0},"end":{"line":15,"column":40}}},"2":{"name":"(anonymous_2)","line":22,"loc":{"start":{"line":22,"column":19},"end":{"line":22,"column":31}}},"3":{"name":"(anonymous_3)","line":42,"loc":{"start":{"line":42,"column":29},"end":{"line":42,"column":66}}}},"statementMap":{"1":{"start":{"line":6,"column":0},"end":{"line":8,"column":27}},"2":{"start":{"line":15,"column":0},"end":{"line":29,"column":1}},"3":{"start":{"line":16,"column":1},"end":{"line":16,"column":16}},"4":{"start":{"line":17,"column":1},"end":{"line":17,"column":29}},"5":{"start":{"line":18,"column":1},"end":{"line":18,"column":23}},"6":{"start":{"line":19,"column":1},"end":{"line":19,"column":28}},"7":{"start":{"line":20,"column":1},"end":{"line":20,"column":21}},"8":{"start":{"line":21,"column":1},"end":{"line":21,"column":27}},"9":{"start":{"line":22,"column":1},"end":{"line":28,"column":3}},"10":{"start":{"line":23,"column":2},"end":{"line":26,"column":3}},"11":{"start":{"line":25,"column":3},"end":{"line":25,"column":115}},"12":{"start":{"line":27,"column":2},"end":{"line":27,"column":34}},"13":{"start":{"line":31,"column":0},"end":{"line":31,"column":26}},"14":{"start":{"line":34,"column":0},"end":{"line":34,"column":41}},"15":{"start":{"line":42,"column":0},"end":{"line":59,"column":1}},"16":{"start":{"line":43,"column":1},"end":{"line":43,"column":16}},"17":{"start":{"line":44,"column":1},"end":{"line":44,"column":85}},"18":{"start":{"line":45,"column":1},"end":{"line":58,"column":2}},"19":{"start":{"line":46,"column":2},"end":{"line":50,"column":3}},"20":{"start":{"line":48,"column":3},"end":{"line":48,"column":100}},"21":{"start":{"line":49,"column":3},"end":{"line":49,"column":64}},"22":{"start":{"line":51,"column":2},"end":{"line":51,"column":29}},"23":{"start":{"line":52,"column":2},"end":{"line":52,"column":21}},"24":{"start":{"line":53,"column":2},"end":{"line":55,"column":3}},"25":{"start":{"line":54,"column":3},"end":{"line":54,"column":13}},"26":{"start":{"line":57,"column":2},"end":{"line":57,"column":12}}},"branchMap":{"1":{"line":23,"type":"if","locations":[{"start":{"line":23,"column":2},"end":{"line":23,"column":2}},{"start":{"line":23,"column":2},"end":{"line":23,"column":2}}]},"2":{"line":45,"type":"if","locations":[{"start":{"line":45,"column":1},"end":{"line":45,"column":1}},{"start":{"line":45,"column":1},"end":{"line":45,"column":1}}]},"3":{"line":46,"type":"if","locations":[{"start":{"line":46,"column":2},"end":{"line":46,"column":2}},{"start":{"line":46,"column":2},"end":{"line":46,"column":2}}]},"4":{"line":53,"type":"if","locations":[{"start":{"line":53,"column":2},"end":{"line":53,"column":2}},{"start":{"line":53,"column":2},"end":{"line":53,"column":2}}]}},"code":["/**"," * @file Simple wrapper for stream.Writable, used for sending binary data"," */","'use strict'","","var util = require('util'),","\tstream = require('stream'),","\tframe = require('./frame')","","/**"," * @class Represents the writable stream for binary frames"," * @param {Connection} connection"," * @param {number} minSize"," */","function OutStream(connection, minSize) {","\tvar that = this","\tthis.connection = connection","\tthis.minSize = minSize","\tthis.buffer = new Buffer(0)","\tthis.hasSent = false // Indicates if any frame has been sent yet","\tstream.Writable.call(this)","\tthis.on('finish', function () {","\t\tif (that.connection.readyState === that.connection.OPEN) {","\t\t\t// Ignore if not connected anymore","\t\t\tthat.connection.socket.write(frame.createBinaryFrame(that.buffer, !that.connection.server, !that.hasSent, true))","\t\t}","\t\tthat.connection.outStream = null","\t})","}","","module.exports = OutStream","","","util.inherits(OutStream, stream.Writable)","","/**"," * @param {Buffer} chunk"," * @param {string} encoding"," * @param {Function} callback"," * @private"," */","OutStream.prototype._write = function (chunk, encoding, callback) {","\tvar frameBuffer","\tthis.buffer = Buffer.concat([this.buffer, chunk], this.buffer.length + chunk.length)","\tif (this.buffer.length >= this.minSize) {","\t\tif (this.connection.readyState === this.connection.OPEN) {","\t\t\t// Ignore if not connected anymore","\t\t\tframeBuffer = frame.createBinaryFrame(this.buffer, !this.connection.server, !this.hasSent, false)","\t\t\tthis.connection.socket.write(frameBuffer, encoding, callback)","\t\t}","\t\tthis.buffer = new Buffer(0)","\t\tthis.hasSent = true","\t\tif (this.connection.readyState !== this.connection.OPEN) {","\t\t\tcallback()","\t\t}","\t} else {","\t\tcallback()","\t}","}"],"l":{"6":1,"15":1,"16":0,"17":0,"18":0,"19":0,"20":0,"21":0,"22":0,"23":0,"25":0,"27":0,"31":1,"34":1,"42":1,"43":0,"44":0,"45":0,"46":0,"48":0,"49":0,"51":0,"52":0,"53":0,"54":0,"57":0}},"/home/travis/build/npmtest/node-npmtest-nodejs-websocket/node_modules/nodejs-websocket/frame.js":{"path":"/home/travis/build/npmtest/node-npmtest-nodejs-websocket/node_modules/nodejs-websocket/frame.js","s":{"1":1,"2":0,"3":0,"4":0,"5":0,"6":1,"7":0,"8":0,"9":0,"10":0,"11":0,"12":0,"13":0,"14":0,"15":0,"16":1,"17":0,"18":0,"19":0,"20":0,"21":0,"22":0,"23":0,"24":1,"25":0,"26":0,"27":0,"28":0,"29":1,"30":0,"31":0,"32":0,"33":0,"34":1,"35":0,"36":0,"37":0,"38":0,"39":0,"40":0,"41":0,"42":0,"43":0,"44":0,"45":0,"46":0,"47":0,"48":0,"49":0,"50":0,"51":0,"52":0,"53":0,"54":0,"55":0,"56":0,"57":0,"58":0},"b":{"1":[0,0],"2":[0,0],"3":[0,0],"4":[0,0],"5":[0,0],"6":[0,0],"7":[0,0],"8":[0,0],"9":[0,0],"10":[0,0],"11":[0,0],"12":[0,0],"13":[0,0],"14":[0,0],"15":[0,0],"16":[0,0],"17":[0,0],"18":[0,0],"19":[0,0],"20":[0,0]},"f":{"1":0,"2":0,"3":0,"4":0,"5":0,"6":0},"fnMap":{"1":{"name":"(anonymous_1)","line":13,"loc":{"start":{"line":13,"column":26},"end":{"line":13,"column":50}}},"2":{"name":"(anonymous_2)","line":31,"loc":{"start":{"line":31,"column":28},"end":{"line":31,"column":64}}},"3":{"name":"(anonymous_3)","line":55,"loc":{"start":{"line":55,"column":27},"end":{"line":55,"column":59}}},"4":{"name":"(anonymous_4)","line":76,"loc":{"start":{"line":76,"column":26},"end":{"line":76,"column":50}}},"5":{"name":"(anonymous_5)","line":92,"loc":{"start":{"line":92,"column":26},"end":{"line":92,"column":50}}},"6":{"name":"generateMetaData","line":111,"loc":{"start":{"line":111,"column":0},"end":{"line":111,"column":56}}}},"statementMap":{"1":{"start":{"line":13,"column":0},"end":{"line":20,"column":1}},"2":{"start":{"line":14,"column":1},"end":{"line":14,"column":18}},"3":{"start":{"line":16,"column":1},"end":{"line":16,"column":27}},"4":{"start":{"line":17,"column":1},"end":{"line":17,"column":81}},"5":{"start":{"line":19,"column":1},"end":{"line":19,"column":68}},"6":{"start":{"line":31,"column":0},"end":{"line":45,"column":1}},"7":{"start":{"line":32,"column":1},"end":{"line":32,"column":18}},"8":{"start":{"line":34,"column":1},"end":{"line":34,"column":43}},"9":{"start":{"line":35,"column":1},"end":{"line":35,"column":47}},"10":{"start":{"line":36,"column":1},"end":{"line":41,"column":2}},"11":{"start":{"line":37,"column":2},"end":{"line":37,"column":35}},"12":{"start":{"line":38,"column":2},"end":{"line":38,"column":20}},"13":{"start":{"line":40,"column":2},"end":{"line":40,"column":16}},"14":{"start":{"line":42,"column":1},"end":{"line":42,"column":88}},"15":{"start":{"line":44,"column":1},"end":{"line":44,"column":68}},"16":{"start":{"line":55,"column":0},"end":{"line":67,"column":1}},"17":{"start":{"line":56,"column":1},"end":{"line":56,"column":18}},"18":{"start":{"line":58,"column":1},"end":{"line":63,"column":2}},"19":{"start":{"line":59,"column":2},"end":{"line":59,"column":67}},"20":{"start":{"line":60,"column":2},"end":{"line":60,"column":32}},"21":{"start":{"line":62,"column":2},"end":{"line":62,"column":25}},"22":{"start":{"line":64,"column":1},"end":{"line":64,"column":81}},"23":{"start":{"line":66,"column":1},"end":{"line":66,"column":68}},"24":{"start":{"line":76,"column":0},"end":{"line":83,"column":1}},"25":{"start":{"line":77,"column":1},"end":{"line":77,"column":18}},"26":{"start":{"line":79,"column":1},"end":{"line":79,"column":27}},"27":{"start":{"line":80,"column":1},"end":{"line":80,"column":81}},"28":{"start":{"line":82,"column":1},"end":{"line":82,"column":68}},"29":{"start":{"line":92,"column":0},"end":{"line":99,"column":1}},"30":{"start":{"line":93,"column":1},"end":{"line":93,"column":18}},"31":{"start":{"line":95,"column":1},"end":{"line":95,"column":27}},"32":{"start":{"line":96,"column":1},"end":{"line":96,"column":82}},"33":{"start":{"line":98,"column":1},"end":{"line":98,"column":68}},"34":{"start":{"line":111,"column":0},"end":{"line":152,"column":1}},"35":{"start":{"line":112,"column":1},"end":{"line":112,"column":30}},"36":{"start":{"line":114,"column":1},"end":{"line":114,"column":21}},"37":{"start":{"line":117,"column":1},"end":{"line":117,"column":82}},"38":{"start":{"line":120,"column":1},"end":{"line":120,"column":35}},"39":{"start":{"line":123,"column":1},"end":{"line":123,"column":27}},"40":{"start":{"line":124,"column":1},"end":{"line":124,"column":10}},"41":{"start":{"line":125,"column":1},"end":{"line":137,"column":2}},"42":{"start":{"line":126,"column":2},"end":{"line":126,"column":16}},"43":{"start":{"line":127,"column":8},"end":{"line":137,"column":2}},"44":{"start":{"line":128,"column":2},"end":{"line":128,"column":16}},"45":{"start":{"line":129,"column":2},"end":{"line":129,"column":28}},"46":{"start":{"line":130,"column":2},"end":{"line":130,"column":12}},"47":{"start":{"line":133,"column":2},"end":{"line":133,"column":16}},"48":{"start":{"line":134,"column":2},"end":{"line":134,"column":58}},"49":{"start":{"line":135,"column":2},"end":{"line":135,"column":46}},"50":{"start":{"line":136,"column":2},"end":{"line":136,"column":12}},"51":{"start":{"line":140,"column":1},"end":{"line":149,"column":2}},"52":{"start":{"line":141,"column":2},"end":{"line":141,"column":22}},"53":{"start":{"line":142,"column":2},"end":{"line":144,"column":3}},"54":{"start":{"line":143,"column":3},"end":{"line":143,"column":62}},"55":{"start":{"line":145,"column":2},"end":{"line":147,"column":3}},"56":{"start":{"line":146,"column":3},"end":{"line":146,"column":28}},"57":{"start":{"line":148,"column":2},"end":{"line":148,"column":12}},"58":{"start":{"line":151,"column":1},"end":{"line":151,"column":12}}},"branchMap":{"1":{"line":17,"type":"cond-expr","locations":[{"start":{"line":17,"column":57},"end":{"line":17,"column":62}},{"start":{"line":17,"column":65},"end":{"line":17,"column":71}}]},"2":{"line":34,"type":"cond-expr","locations":[{"start":{"line":34,"column":31},"end":{"line":34,"column":35}},{"start":{"line":34,"column":38},"end":{"line":34,"column":43}}]},"3":{"line":35,"type":"cond-expr","locations":[{"start":{"line":35,"column":33},"end":{"line":35,"column":38}},{"start":{"line":35,"column":41},"end":{"line":35,"column":47}}]},"4":{"line":36,"type":"if","locations":[{"start":{"line":36,"column":1},"end":{"line":36,"column":1}},{"start":{"line":36,"column":1},"end":{"line":36,"column":1}}]},"5":{"line":42,"type":"cond-expr","locations":[{"start":{"line":42,"column":45},"end":{"line":42,"column":49}},{"start":{"line":42,"column":52},"end":{"line":42,"column":55}}]},"6":{"line":42,"type":"cond-expr","locations":[{"start":{"line":42,"column":65},"end":{"line":42,"column":66}},{"start":{"line":42,"column":69},"end":{"line":42,"column":70}}]},"7":{"line":58,"type":"if","locations":[{"start":{"line":58,"column":1},"end":{"line":58,"column":1}},{"start":{"line":58,"column":1},"end":{"line":58,"column":1}}]},"8":{"line":58,"type":"binary-expr","locations":[{"start":{"line":58,"column":5},"end":{"line":58,"column":23}},{"start":{"line":58,"column":27},"end":{"line":58,"column":40}}]},"9":{"line":59,"type":"cond-expr","locations":[{"start":{"line":59,"column":46},"end":{"line":59,"column":50}},{"start":{"line":59,"column":53},"end":{"line":59,"column":66}}]},"10":{"line":64,"type":"cond-expr","locations":[{"start":{"line":64,"column":57},"end":{"line":64,"column":62}},{"start":{"line":64,"column":65},"end":{"line":64,"column":71}}]},"11":{"line":80,"type":"cond-expr","locations":[{"start":{"line":80,"column":57},"end":{"line":80,"column":62}},{"start":{"line":80,"column":65},"end":{"line":80,"column":71}}]},"12":{"line":96,"type":"cond-expr","locations":[{"start":{"line":96,"column":58},"end":{"line":96,"column":63}},{"start":{"line":96,"column":66},"end":{"line":96,"column":72}}]},"13":{"line":117,"type":"cond-expr","locations":[{"start":{"line":117,"column":36},"end":{"line":117,"column":37}},{"start":{"line":117,"column":41},"end":{"line":117,"column":60}}]},"14":{"line":117,"type":"cond-expr","locations":[{"start":{"line":117,"column":55},"end":{"line":117,"column":56}},{"start":{"line":117,"column":59},"end":{"line":117,"column":60}}]},"15":{"line":117,"type":"cond-expr","locations":[{"start":{"line":117,"column":75},"end":{"line":117,"column":76}},{"start":{"line":117,"column":79},"end":{"line":117,"column":80}}]},"16":{"line":120,"type":"cond-expr","locations":[{"start":{"line":120,"column":18},"end":{"line":120,"column":21}},{"start":{"line":120,"column":24},"end":{"line":120,"column":25}}]},"17":{"line":123,"type":"cond-expr","locations":[{"start":{"line":123,"column":20},"end":{"line":123,"column":23}},{"start":{"line":123,"column":26},"end":{"line":123,"column":27}}]},"18":{"line":125,"type":"if","locations":[{"start":{"line":125,"column":1},"end":{"line":125,"column":1}},{"start":{"line":125,"column":1},"end":{"line":125,"column":1}}]},"19":{"line":127,"type":"if","locations":[{"start":{"line":127,"column":8},"end":{"line":127,"column":8}},{"start":{"line":127,"column":8},"end":{"line":127,"column":8}}]},"20":{"line":140,"type":"if","locations":[{"start":{"line":140,"column":1},"end":{"line":140,"column":1}},{"start":{"line":140,"column":1},"end":{"line":140,"column":1}}]}},"code":["/**"," * @file Utility functions for creating frames"," */","'use strict'","","/**"," * Creates a text frame"," * @param {string} data"," * @param {boolean} [masked=false] if the frame should be masked"," * @returns {Buffer}"," * @private"," */","exports.createTextFrame = function (data, masked) {","\tvar payload, meta","","\tpayload = new Buffer(data)","\tmeta = generateMetaData(true, 1, masked === undefined ? false : masked, payload)","","\treturn Buffer.concat([meta, payload], meta.length + payload.length)","}","","/**"," * Create a binary frame"," * @param {Buffer} data"," * @param {boolean} [masked=false] if the frame should be masked"," * @param {boolean} [first=true] if this is the first frame in a sequence"," * @param {boolean} [fin=true] if this is the final frame in a sequence"," * @returns {Buffer}"," * @private"," */","exports.createBinaryFrame = function (data, masked, first, fin) {","\tvar payload, meta","","\tfirst = first === undefined ? true : first","\tmasked = masked === undefined ? false : masked","\tif (masked) {","\t\tpayload = new Buffer(data.length)","\t\tdata.copy(payload)","\t} else {","\t\tpayload = data","\t}","\tmeta = generateMetaData(fin === undefined ? true : fin, first ? 2 : 0, masked, payload)","","\treturn Buffer.concat([meta, payload], meta.length + payload.length)","}","","/**"," * Create a close frame"," * @param {number} code"," * @param {string} [reason='']"," * @param {boolean} [masked=false] if the frame should be masked"," * @returns {Buffer}"," * @private"," */","exports.createCloseFrame = function (code, reason, masked) {","\tvar payload, meta","","\tif (code !== undefined && code !== 1005) {","\t\tpayload = new Buffer(reason === undefined ? '--' : '--' + reason)","\t\tpayload.writeUInt16BE(code, 0)","\t} else {","\t\tpayload = new Buffer(0)","\t}","\tmeta = generateMetaData(true, 8, masked === undefined ? false : masked, payload)","","\treturn Buffer.concat([meta, payload], meta.length + payload.length)","}","","/**"," * Create a ping frame"," * @param {string} data"," * @param {boolean} [masked=false] if the frame should be masked"," * @returns {Buffer}"," * @private"," */","exports.createPingFrame = function (data, masked) {","\tvar payload, meta","","\tpayload = new Buffer(data)","\tmeta = generateMetaData(true, 9, masked === undefined ? false : masked, payload)","","\treturn Buffer.concat([meta, payload], meta.length + payload.length)","}","","/**"," * Create a pong frame"," * @param {string} data"," * @param {boolean} [masked=false] if the frame should be masked"," * @returns {Buffer}"," * @private"," */","exports.createPongFrame = function (data, masked) {","\tvar payload, meta","","\tpayload = new Buffer(data)","\tmeta = generateMetaData(true, 10, masked === undefined ? false : masked, payload)","","\treturn Buffer.concat([meta, payload], meta.length + payload.length)","}","","/**"," * Creates the meta-data portion of the frame"," * If the frame is masked, the payload is altered accordingly"," * @param {boolean} fin"," * @param {number} opcode"," * @param {boolean} masked"," * @param {Buffer} payload"," * @returns {Buffer}"," * @private"," */","function generateMetaData(fin, opcode, masked, payload) {","\tvar len, meta, start, mask, i","","\tlen = payload.length","","\t// Creates the buffer for meta-data","\tmeta = new Buffer(2 + (len < 126 ? 0 : (len < 65536 ? 2 : 8)) + (masked ? 4 : 0))","","\t// Sets fin and opcode","\tmeta[0] = (fin ? 128 : 0) + opcode","","\t// Sets the mask and length","\tmeta[1] = masked ? 128 : 0","\tstart = 2","\tif (len < 126) {","\t\tmeta[1] += len","\t} else if (len < 65536) {","\t\tmeta[1] += 126","\t\tmeta.writeUInt16BE(len, 2)","\t\tstart += 2","\t} else {","\t\t// Warning: JS doesn't support integers greater than 2^53","\t\tmeta[1] += 127","\t\tmeta.writeUInt32BE(Math.floor(len / Math.pow(2, 32)), 2)","\t\tmeta.writeUInt32BE(len % Math.pow(2, 32), 6)","\t\tstart += 8","\t}","","\t// Set the mask-key","\tif (masked) {","\t\tmask = new Buffer(4)","\t\tfor (i = 0; i < 4; i++) {","\t\t\tmeta[start + i] = mask[i] = Math.floor(Math.random() * 256)","\t\t}","\t\tfor (i = 0; i < payload.length; i++) {","\t\t\tpayload[i] ^= mask[i % 4]","\t\t}","\t\tstart += 4","\t}","","\treturn meta","}"],"l":{"13":1,"14":0,"16":0,"17":0,"19":0,"31":1,"32":0,"34":0,"35":0,"36":0,"37":0,"38":0,"40":0,"42":0,"44":0,"55":1,"56":0,"58":0,"59":0,"60":0,"62":0,"64":0,"66":0,"76":1,"77":0,"79":0,"80":0,"82":0,"92":1,"93":0,"95":0,"96":0,"98":0,"111":1,"112":0,"114":0,"117":0,"120":0,"123":0,"124":0,"125":0,"126":0,"127":0,"128":0,"129":0,"130":0,"133":0,"134":0,"135":0,"136":0,"140":0,"141":0,"142":0,"143":0,"145":0,"146":0,"148":0,"151":0}}}